+----------------------------------------------------------+
| HISTOGRAM Komora: Tvrdonice                              |
+----------------------------------------------------------+
| STATISTIC                                                |
+----------------------------------------------------------+
|  no record                                               |
+----------------------------------------------------------+
+----------------------------------------------------------+
| QUEUE Queue{0x2550250}                          not used |
+----------------------------------------------------------+
+----------------------------------------------------------+
| QUEUE Queue{0x2550330}                          not used |
+----------------------------------------------------------+
+----------------------------------------------------------+
| QUEUE Queue{0x2550550}                          not used |
+----------------------------------------------------------+
+----------------------------------------------------------+
| QUEUE Queue{0x2550630}                          not used |
+----------------------------------------------------------+
+----------------------------------------------------------+
| QUEUE Queue{0x2550f80}                          not used |
+----------------------------------------------------------+
+----------------------------------------------------------+
| QUEUE Queue{0x2551060}                          not used |
+----------------------------------------------------------+
+----------------------------------------------------------+
| QUEUE Queue{0x25511b0}                          not used |
+----------------------------------------------------------+
+----------------------------------------------------------+
| QUEUE Queue{0x2551290}                          not used |
+----------------------------------------------------------+
+----------------------------------------------------------+
| HISTOGRAM Komora: HodonínB                              |
+----------------------------------------------------------+
| STATISTIC                                                |
+----------------------------------------------------------+
|  no record                                               |
+----------------------------------------------------------+
+----------------------------------------------------------+
| QUEUE Queue{0x2551430}                          not used |
+----------------------------------------------------------+
+----------------------------------------------------------+
| QUEUE Queue{0x2551510}                          not used |
+----------------------------------------------------------+
+----------------------------------------------------------+
| QUEUE Queue{0x2551760}                          not used |
+----------------------------------------------------------+
+----------------------------------------------------------+
| QUEUE Queue{0x2551840}                          not used |
+----------------------------------------------------------+
+----------------------------------------------------------+
| HISTOGRAM Komora: Rohatec                                |
+----------------------------------------------------------+
| STATISTIC                                                |
+----------------------------------------------------------+
|  no record                                               |
+----------------------------------------------------------+
+----------------------------------------------------------+
| QUEUE Queue{0x25519e0}                          not used |
+----------------------------------------------------------+
+----------------------------------------------------------+
| QUEUE Queue{0x2551ac0}                          not used |
+----------------------------------------------------------+
+----------------------------------------------------------+
| QUEUE Queue{0x2551ca0}                          not used |
+----------------------------------------------------------+
+----------------------------------------------------------+
| QUEUE Queue{0x2551d80}                          not used |
+----------------------------------------------------------+
+----------------------------------------------------------+
| QUEUE Queue{0x2551ea0}                          not used |
+----------------------------------------------------------+
+----------------------------------------------------------+
| QUEUE Queue{0x2551f80}                          not used |
+----------------------------------------------------------+
+----------------------------------------------------------+
| QUEUE Queue{0x25520f0}                          not used |
+----------------------------------------------------------+
+----------------------------------------------------------+
| QUEUE Queue{0x25521d0}                          not used |
+----------------------------------------------------------+
+----------------------------------------------------------+
| QUEUE Queue{0x25522f0}                          not used |
+----------------------------------------------------------+
+----------------------------------------------------------+
| QUEUE Queue{0x25523d0}                          not used |
+----------------------------------------------------------+
+----------------------------------------------------------+
| QUEUE Queue{0x25524e0}                          not used |
+----------------------------------------------------------+
+----------------------------------------------------------+
| QUEUE Queue{0x25525c0}                          not used |
+----------------------------------------------------------+
+----------------------------------------------------------+
| QUEUE Queue{0x25526e0}                          not used |
+----------------------------------------------------------+
+----------------------------------------------------------+
| QUEUE Queue{0x25527c0}                          not used |
+----------------------------------------------------------+
+----------------------------------------------------------+
| QUEUE Queue{0x25528d0}                          not used |
+----------------------------------------------------------+
+----------------------------------------------------------+
| QUEUE Queue{0x25529b0}                          not used |
+----------------------------------------------------------+
+----------------------------------------------------------+
| QUEUE Queue{0x2552ad0}                          not used |
+----------------------------------------------------------+
+----------------------------------------------------------+
| QUEUE Queue{0x2552bb0}                          not used |
+----------------------------------------------------------+
+----------------------------------------------------------+
| HISTOGRAM Komora: Uh.Hradiště                          |
+----------------------------------------------------------+
| STATISTIC                                                |
+----------------------------------------------------------+
|  no record                                               |
+----------------------------------------------------------+
+----------------------------------------------------------+
| QUEUE Queue{0x2552d90}                          not used |
+----------------------------------------------------------+
+----------------------------------------------------------+
| QUEUE Queue{0x2552e70}                          not used |
+----------------------------------------------------------+
+----------------------------------------------------------+
| QUEUE Queue{0x2553090}                          not used |
+----------------------------------------------------------+
+----------------------------------------------------------+
| QUEUE Queue{0x2553170}                          not used |
+----------------------------------------------------------+
+----------------------------------------------------------+
| QUEUE Queue{0x2553360}                          not used |
+----------------------------------------------------------+
+----------------------------------------------------------+
| QUEUE Queue{0x2553440}                          not used |
+----------------------------------------------------------+
+----------------------------------------------------------+
| QUEUE Queue{0x2553520}                          not used |
+----------------------------------------------------------+
+----------------------------------------------------------+
| QUEUE Queue{0x2553600}                          not used |
+----------------------------------------------------------+
+----------------------------------------------------------+
| QUEUE Queue{0x25536e0}                          not used |
+----------------------------------------------------------+
+----------------------------------------------------------+
| QUEUE Queue{0x25537c0}                          not used |
+----------------------------------------------------------+
+----------------------------------------------------------+
| HISTOGRAM Komora: Bělov                                 |
+----------------------------------------------------------+
| STATISTIC                                                |
+----------------------------------------------------------+
|  no record                                               |
+----------------------------------------------------------+
+----------------------------------------------------------+
| QUEUE Queue{0x2553960}                          not used |
+----------------------------------------------------------+
+----------------------------------------------------------+
| QUEUE Queue{0x2553a40}                          not used |
+----------------------------------------------------------+
+----------------------------------------------------------+
| QUEUE Queue{0x2553c70}                          not used |
+----------------------------------------------------------+
+----------------------------------------------------------+
| QUEUE Queue{0x2553d50}                          not used |
+----------------------------------------------------------+
+----------------------------------------------------------+
| QUEUE Queue{0x2553e30}                          not used |
+----------------------------------------------------------+
+----------------------------------------------------------+
| QUEUE Queue{0x2553f10}                          not used |
+----------------------------------------------------------+
+----------------------------------------------------------+
| HISTOGRAM Komora: Kroměříž                           |
+----------------------------------------------------------+
| STATISTIC                                                |
+----------------------------------------------------------+
|  no record                                               |
+----------------------------------------------------------+
+----------------------------------------------------------+
| QUEUE Queue{0x25540b0}                          not used |
+----------------------------------------------------------+
+----------------------------------------------------------+
| QUEUE Queue{0x2554190}                          not used |
+----------------------------------------------------------+
+----------------------------------------------------------+
| QUEUE Queue{0x25543e0}                          not used |
+----------------------------------------------------------+
+----------------------------------------------------------+
| QUEUE Queue{0x25544c0}                          not used |
+----------------------------------------------------------+
+----------------------------------------------------------+
| QUEUE Queue{0x25545a0}                          not used |
+----------------------------------------------------------+
+----------------------------------------------------------+
| QUEUE Queue{0x2554680}                          not used |
+----------------------------------------------------------+
+----------------------------------------------------------+
| QUEUE Queue{0x2554790}                          not used |
+----------------------------------------------------------+
+----------------------------------------------------------+
| QUEUE Queue{0x2554870}                          not used |
+----------------------------------------------------------+
+----------------------------------------------------------+
| QUEUE Queue{0x2554980}                          not used |
+----------------------------------------------------------+
+----------------------------------------------------------+
| QUEUE Queue{0x2554a60}                          not used |
+----------------------------------------------------------+
+----------------------------------------------------------+
| HISTOGRAM Komora: Zařičí                              |
+----------------------------------------------------------+
| STATISTIC                                                |
+----------------------------------------------------------+
|  no record                                               |
+----------------------------------------------------------+
+----------------------------------------------------------+
| QUEUE Queue{0x2554c00}                          not used |
+----------------------------------------------------------+
+----------------------------------------------------------+
| QUEUE Queue{0x2554ce0}                          not used |
+----------------------------------------------------------+
+----------------------------------------------------------+
| QUEUE Queue{0x2554f30}                          not used |
+----------------------------------------------------------+
+----------------------------------------------------------+
| QUEUE Queue{0x2555010}                          not used |
+----------------------------------------------------------+
+----------------------------------------------------------+
| QUEUE Queue{0x2555120}                          not used |
+----------------------------------------------------------+
+----------------------------------------------------------+
| QUEUE Queue{0x2555200}                          not used |
+----------------------------------------------------------+
+----------------------------------------------------------+
| QUEUE Queue{0x2555310}                          not used |
+----------------------------------------------------------+
+----------------------------------------------------------+
| QUEUE Queue{0x25553f0}                          not used |
+----------------------------------------------------------+
+----------------------------------------------------------+
| HISTOGRAM Komora: Rokytnice                              |
+----------------------------------------------------------+
| STATISTIC                                                |
+----------------------------------------------------------+
|  no record                                               |
+----------------------------------------------------------+
+----------------------------------------------------------+
| QUEUE Queue{0x2555590}                          not used |
+----------------------------------------------------------+
+----------------------------------------------------------+
| QUEUE Queue{0x2555670}                          not used |
+----------------------------------------------------------+
+----------------------------------------------------------+
| QUEUE Queue{0x2553280}                          not used |
+----------------------------------------------------------+
+----------------------------------------------------------+
| QUEUE Queue{0x2555a60}                          not used |
+----------------------------------------------------------+
+----------------------------------------------------------+
| QUEUE Queue{0x2555b70}                          not used |
+----------------------------------------------------------+
+----------------------------------------------------------+
| QUEUE Queue{0x2555c50}                          not used |
+----------------------------------------------------------+
+----------------------------------------------------------+
| QUEUE Queue{0x2555d60}                          not used |
+----------------------------------------------------------+
+----------------------------------------------------------+
| QUEUE Queue{0x2555e40}                          not used |
+----------------------------------------------------------+
+----------------------------------------------------------+
| QUEUE Queue{0x2555f20}                          not used |
+----------------------------------------------------------+
+----------------------------------------------------------+
| QUEUE Queue{0x2556000}                          not used |
+----------------------------------------------------------+
+----------------------------------------------------------+
| QUEUE Queue{0x2556110}                          not used |
+----------------------------------------------------------+
+----------------------------------------------------------+
| QUEUE Queue{0x25561f0}                          not used |
+----------------------------------------------------------+
+----------------------------------------------------------+
| HISTOGRAM Komora: Lipník                                |
+----------------------------------------------------------+
| STATISTIC                                                |
+----------------------------------------------------------+
|  no record                                               |
+----------------------------------------------------------+
+----------------------------------------------------------+
| QUEUE Queue{0x2556390}                          not used |
+----------------------------------------------------------+
+----------------------------------------------------------+
| QUEUE Queue{0x2556470}                          not used |
+----------------------------------------------------------+
+----------------------------------------------------------+
| QUEUE Queue{0x2556680}                          not used |
+----------------------------------------------------------+
+----------------------------------------------------------+
| QUEUE Queue{0x2556760}                          not used |
+----------------------------------------------------------+
+----------------------------------------------------------+
| QUEUE Queue{0x2556870}                          not used |
+----------------------------------------------------------+
+----------------------------------------------------------+
| QUEUE Queue{0x2556950}                          not used |
+----------------------------------------------------------+
+----------------------------------------------------------+
| QUEUE Queue{0x2556a70}                          not used |
+----------------------------------------------------------+
+----------------------------------------------------------+
| QUEUE Queue{0x2556b50}                          not used |
+----------------------------------------------------------+
+----------------------------------------------------------+
| QUEUE Queue{0x2556c60}                          not used |
+----------------------------------------------------------+
+----------------------------------------------------------+
| QUEUE Queue{0x2556d40}                          not used |
+----------------------------------------------------------+
+----------------------------------------------------------+
| HISTOGRAM Komora: Černotín                             |
+----------------------------------------------------------+
| STATISTIC                                                |
+----------------------------------------------------------+
|  no record                                               |
+----------------------------------------------------------+
+----------------------------------------------------------+
| QUEUE Queue{0x2556ee0}                          not used |
+----------------------------------------------------------+
+----------------------------------------------------------+
| QUEUE Queue{0x2556fc0}                          not used |
+----------------------------------------------------------+
+----------------------------------------------------------+
| QUEUE Queue{0x2557210}                          not used |
+----------------------------------------------------------+
+----------------------------------------------------------+
| QUEUE Queue{0x25572f0}                          not used |
+----------------------------------------------------------+
+----------------------------------------------------------+
| QUEUE Queue{0x2557400}                          not used |
+----------------------------------------------------------+
+----------------------------------------------------------+
| QUEUE Queue{0x25574e0}                          not used |
+----------------------------------------------------------+
+----------------------------------------------------------+
| QUEUE Queue{0x25575f0}                          not used |
+----------------------------------------------------------+
+----------------------------------------------------------+
| QUEUE Queue{0x25576d0}                          not used |
+----------------------------------------------------------+
+----------------------------------------------------------+
| HISTOGRAM Komora: Poruba                                 |
+----------------------------------------------------------+
| STATISTIC                                                |
+----------------------------------------------------------+
|  no record                                               |
+----------------------------------------------------------+
+----------------------------------------------------------+
| QUEUE Queue{0x2557870}                          not used |
+----------------------------------------------------------+
+----------------------------------------------------------+
| QUEUE Queue{0x2557950}                          not used |
+----------------------------------------------------------+
+----------------------------------------------------------+
| QUEUE Queue{0x2557b60}                          not used |
+----------------------------------------------------------+
+----------------------------------------------------------+
| QUEUE Queue{0x2557c40}                          not used |
+----------------------------------------------------------+
+----------------------------------------------------------+
| HISTOGRAM Komora: Kunín                                 |
+----------------------------------------------------------+
| STATISTIC                                                |
+----------------------------------------------------------+
|  no record                                               |
+----------------------------------------------------------+
+----------------------------------------------------------+
| QUEUE Queue{0x2557de0}                          not used |
+----------------------------------------------------------+
+----------------------------------------------------------+
| QUEUE Queue{0x2557ec0}                          not used |
+----------------------------------------------------------+
+----------------------------------------------------------+
| QUEUE Queue{0x25580d0}                          not used |
+----------------------------------------------------------+
+----------------------------------------------------------+
| QUEUE Queue{0x25581b0}                          not used |
+----------------------------------------------------------+
+----------------------------------------------------------+
| HISTOGRAM Most: Bartošovice                             |
+----------------------------------------------------------+
| STATISTIC                                                |
+----------------------------------------------------------+
|  no record                                               |
+----------------------------------------------------------+
+----------------------------------------------------------+
| QUEUE Queue{0x2558350}                          not used |
+----------------------------------------------------------+
+----------------------------------------------------------+
| QUEUE Queue{0x2558430}                          not used |
+----------------------------------------------------------+
+----------------------------------------------------------+
| QUEUE Queue{0x2558640}                          not used |
+----------------------------------------------------------+
+----------------------------------------------------------+
| QUEUE Queue{0x2558720}                          not used |
+----------------------------------------------------------+
+----------------------------------------------------------+
| QUEUE Queue{0x2558830}                          not used |
+----------------------------------------------------------+
+----------------------------------------------------------+
| QUEUE Queue{0x2558910}                          not used |
+----------------------------------------------------------+
+----------------------------------------------------------+
| QUEUE Queue{0x2558a20}                          not used |
+----------------------------------------------------------+
+----------------------------------------------------------+
| QUEUE Queue{0x2558b00}                          not used |
+----------------------------------------------------------+
+----------------------------------------------------------+
| HISTOGRAM Komora: Petřvald                              |
+----------------------------------------------------------+
| STATISTIC                                                |
+----------------------------------------------------------+
|  no record                                               |
+----------------------------------------------------------+
+----------------------------------------------------------+
| QUEUE Queue{0x2558ca0}                          not used |
+----------------------------------------------------------+
+----------------------------------------------------------+
| QUEUE Queue{0x2558d80}                          not used |
+----------------------------------------------------------+
+----------------------------------------------------------+
| QUEUE Queue{0x2558f90}                          not used |
+----------------------------------------------------------+
+----------------------------------------------------------+
| QUEUE Queue{0x2559070}                          not used |
+----------------------------------------------------------+
+----------------------------------------------------------+
| HISTOGRAM Komora: Proskovice                             |
+----------------------------------------------------------+
| STATISTIC                                                |
+----------------------------------------------------------+
|  no record                                               |
+----------------------------------------------------------+
+----------------------------------------------------------+
| QUEUE Queue{0x2559210}                          not used |
+----------------------------------------------------------+
+----------------------------------------------------------+
| QUEUE Queue{0x25592f0}                          not used |
+----------------------------------------------------------+
+----------------------------------------------------------+
| QUEUE Queue{0x2559500}                          not used |
+----------------------------------------------------------+
+----------------------------------------------------------+
| QUEUE Queue{0x25595e0}                          not used |
+----------------------------------------------------------+
+----------------------------------------------------------+
| HISTOGRAM Komora: Výškovice                            |
+----------------------------------------------------------+
| STATISTIC                                                |
+----------------------------------------------------------+
|  no record                                               |
+----------------------------------------------------------+
+----------------------------------------------------------+
| QUEUE Queue{0x2559780}                          not used |
+----------------------------------------------------------+
+----------------------------------------------------------+
| QUEUE Queue{0x2559860}                          not used |
+----------------------------------------------------------+
+----------------------------------------------------------+
| QUEUE Queue{0x2559a70}                          not used |
+----------------------------------------------------------+
+----------------------------------------------------------+
| QUEUE Queue{0x2559b50}                          not used |
+----------------------------------------------------------+
+----------------------------------------------------------+
| QUEUE Queue{0x2559c30}                          not used |
+----------------------------------------------------------+
+----------------------------------------------------------+
| QUEUE Queue{0x2559d10}                          not used |
+----------------------------------------------------------+
+----------------------------------------------------------+
| HISTOGRAM Komora: Svinov                                 |
+----------------------------------------------------------+
| STATISTIC                                                |
+----------------------------------------------------------+
|  no record                                               |
+----------------------------------------------------------+
+----------------------------------------------------------+
| QUEUE Queue{0x2559eb0}                          not used |
+----------------------------------------------------------+
+----------------------------------------------------------+
| QUEUE Queue{0x2559f90}                          not used |
+----------------------------------------------------------+
+----------------------------------------------------------+
| QUEUE Queue{0x255a1e0}                          not used |
+----------------------------------------------------------+
+----------------------------------------------------------+
| QUEUE Queue{0x255a2c0}                          not used |
+----------------------------------------------------------+
+----------------------------------------------------------+
| QUEUE Queue{0x255a3a0}                          not used |
+----------------------------------------------------------+
+----------------------------------------------------------+
| QUEUE Queue{0x255a480}                          not used |
+----------------------------------------------------------+
+----------------------------------------------------------+
| QUEUE Queue{0x2555850}                          not used |
+----------------------------------------------------------+
+----------------------------------------------------------+
| QUEUE Queue{0x2555930}                          not used |
+----------------------------------------------------------+
+----------------------------------------------------------+
| HISTOGRAM Komora: Přívoz                               |
+----------------------------------------------------------+
| STATISTIC                                                |
+----------------------------------------------------------+
|  no record                                               |
+----------------------------------------------------------+
+----------------------------------------------------------+
| QUEUE Queue{0x255aa30}                          not used |
+----------------------------------------------------------+
+----------------------------------------------------------+
| QUEUE Queue{0x255ab10}                          not used |
+----------------------------------------------------------+
+----------------------------------------------------------+
| QUEUE Queue{0x255ad20}                          not used |
+----------------------------------------------------------+
+----------------------------------------------------------+
| QUEUE Queue{0x255ae00}                          not used |
+----------------------------------------------------------+
+----------------------------------------------------------+
| QUEUE Queue{0x255af20}                          not used |
+----------------------------------------------------------+
+----------------------------------------------------------+
| QUEUE Queue{0x255b000}                          not used |
+----------------------------------------------------------+
+----------------------------------------------------------+
| QUEUE Queue{0x255b110}                          not used |
+----------------------------------------------------------+
+----------------------------------------------------------+
| QUEUE Queue{0x255b1f0}                          not used |
+----------------------------------------------------------+
+----------------------------------------------------------+
| QUEUE Queue{0x255b310}                          not used |
+----------------------------------------------------------+
+----------------------------------------------------------+
| QUEUE Queue{0x255b3f0}                          not used |
+----------------------------------------------------------+
+----------------------------------------------------------+
| QUEUE Queue{0x255b500}                          not used |
+----------------------------------------------------------+
+----------------------------------------------------------+
| QUEUE Queue{0x255b5e0}                          not used |
+----------------------------------------------------------+
+----------------------------------------------------------+
| HISTOGRAM Komora: Bohumín/Chałupki                     |
+----------------------------------------------------------+
| STATISTIC                                                |
+----------------------------------------------------------+
|  no record                                               |
+----------------------------------------------------------+
+----------------------------------------------------------+
| QUEUE Queue{0x255b780}                          not used |
+----------------------------------------------------------+
+----------------------------------------------------------+
| QUEUE Queue{0x255b860}                          not used |
+----------------------------------------------------------+
+----------------------------------------------------------+
| QUEUE Queue{0x255bac0}                          not used |
+----------------------------------------------------------+
+----------------------------------------------------------+
| QUEUE Queue{0x255bba0}                          not used |
+----------------------------------------------------------+
+----------------------------------------------------------+
| QUEUE Queue{0x255bcb0}                          not used |
+----------------------------------------------------------+
+----------------------------------------------------------+
| QUEUE Queue{0x255bd90}                          not used |
+----------------------------------------------------------+
+----------------------------------------------------------+
| QUEUE Queue{0x255bea0}                          not used |
+----------------------------------------------------------+
+----------------------------------------------------------+
| QUEUE Queue{0x255bf80}                          not used |
+----------------------------------------------------------+
+----------------------------------------------------------+
| QUEUE Queue{0x255c090}                          not used |
+----------------------------------------------------------+
+----------------------------------------------------------+
| QUEUE Queue{0x255c170}                          not used |
+----------------------------------------------------------+
+----------------------------------------------------------+
| QUEUE Queue{0x255c280}                          not used |
+----------------------------------------------------------+
+----------------------------------------------------------+
| QUEUE Queue{0x255c360}                          not used |
+----------------------------------------------------------+
+----------------------------------------------------------+
| HISTOGRAM Komora: Střelice                              |
+----------------------------------------------------------+
| STATISTIC                                                |
+----------------------------------------------------------+
|  no record                                               |
+----------------------------------------------------------+
+----------------------------------------------------------+
| QUEUE Queue{0x255c500}                          not used |
+----------------------------------------------------------+
+----------------------------------------------------------+
| QUEUE Queue{0x255c5e0}                          not used |
+----------------------------------------------------------+
+----------------------------------------------------------+
| QUEUE Queue{0x255c7f0}                          not used |
+----------------------------------------------------------+
+----------------------------------------------------------+
| QUEUE Queue{0x255c8d0}                          not used |
+----------------------------------------------------------+
+----------------------------------------------------------+
| HISTOGRAM Komora: Králová                              |
+----------------------------------------------------------+
| STATISTIC                                                |
+----------------------------------------------------------+
|  no record                                               |
+----------------------------------------------------------+
+----------------------------------------------------------+
| QUEUE Queue{0x255ca70}                          not used |
+----------------------------------------------------------+
+----------------------------------------------------------+
| QUEUE Queue{0x255cb50}                          not used |
+----------------------------------------------------------+
+----------------------------------------------------------+
| QUEUE Queue{0x255cd60}                          not used |
+----------------------------------------------------------+
+----------------------------------------------------------+
| QUEUE Queue{0x255ce40}                          not used |
+----------------------------------------------------------+
+----------------------------------------------------------+
| HISTOGRAM Most: Morava                                   |
+----------------------------------------------------------+
| STATISTIC                                                |
+----------------------------------------------------------+
|  no record                                               |
+----------------------------------------------------------+
+----------------------------------------------------------+
| QUEUE Queue{0x255cfe0}                          not used |
+----------------------------------------------------------+
+----------------------------------------------------------+
| QUEUE Queue{0x255d0c0}                          not used |
+----------------------------------------------------------+
+----------------------------------------------------------+
| QUEUE Queue{0x255d2d0}                          not used |
+----------------------------------------------------------+
+----------------------------------------------------------+
| QUEUE Queue{0x255d3b0}                          not used |
+----------------------------------------------------------+
+----------------------------------------------------------+
| HISTOGRAM Komora: Zábřeh                               |
+----------------------------------------------------------+
| STATISTIC                                                |
+----------------------------------------------------------+
|  no record                                               |
+----------------------------------------------------------+
+----------------------------------------------------------+
| QUEUE Queue{0x255d550}                          not used |
+----------------------------------------------------------+
+----------------------------------------------------------+
| QUEUE Queue{0x255d630}                          not used |
+----------------------------------------------------------+
+----------------------------------------------------------+
| QUEUE Queue{0x255d840}                          not used |
+----------------------------------------------------------+
+----------------------------------------------------------+
| QUEUE Queue{0x255d920}                          not used |
+----------------------------------------------------------+
+----------------------------------------------------------+
| HISTOGRAM Tunel: Hejnice                                 |
+----------------------------------------------------------+
| STATISTIC                                                |
+----------------------------------------------------------+
|  no record                                               |
+----------------------------------------------------------+
+----------------------------------------------------------+
| QUEUE Queue{0x255dac0}                          not used |
+----------------------------------------------------------+
+----------------------------------------------------------+
| QUEUE Queue{0x255dba0}                          not used |
+----------------------------------------------------------+
+----------------------------------------------------------+
| QUEUE Queue{0x255ddb0}                          not used |
+----------------------------------------------------------+
+----------------------------------------------------------+
| QUEUE Queue{0x255de90}                          not used |
+----------------------------------------------------------+
+----------------------------------------------------------+
| HISTOGRAM Komora: Hněvkov                               |
+----------------------------------------------------------+
| STATISTIC                                                |
+----------------------------------------------------------+
|  no record                                               |
+----------------------------------------------------------+
+----------------------------------------------------------+
| QUEUE Queue{0x255e030}                          not used |
+----------------------------------------------------------+
+----------------------------------------------------------+
| QUEUE Queue{0x255e110}                          not used |
+----------------------------------------------------------+
+----------------------------------------------------------+
| QUEUE Queue{0x255e330}                          not used |
+----------------------------------------------------------+
+----------------------------------------------------------+
| QUEUE Queue{0x255e410}                          not used |
+----------------------------------------------------------+
+----------------------------------------------------------+
| QUEUE Queue{0x255e4f0}                          not used |
+----------------------------------------------------------+
+----------------------------------------------------------+
| QUEUE Queue{0x255e5d0}                          not used |
+----------------------------------------------------------+
+----------------------------------------------------------+
| HISTOGRAM Komora: Homole                                 |
+----------------------------------------------------------+
| STATISTIC                                                |
+----------------------------------------------------------+
|  no record                                               |
+----------------------------------------------------------+
+----------------------------------------------------------+
| QUEUE Queue{0x255e770}                          not used |
+----------------------------------------------------------+
+----------------------------------------------------------+
| QUEUE Queue{0x255e850}                          not used |
+----------------------------------------------------------+
+----------------------------------------------------------+
| QUEUE Queue{0x255eaa0}                          not used |
+----------------------------------------------------------+
+----------------------------------------------------------+
| QUEUE Queue{0x255eb80}                          not used |
+----------------------------------------------------------+
+----------------------------------------------------------+
| QUEUE Queue{0x255ec60}                          not used |
+----------------------------------------------------------+
+----------------------------------------------------------+
| QUEUE Queue{0x255ed40}                          not used |
+----------------------------------------------------------+
+----------------------------------------------------------+
| QUEUE Queue{0x255ee60}                          not used |
+----------------------------------------------------------+
+----------------------------------------------------------+
| QUEUE Queue{0x255ef40}                          not used |
+----------------------------------------------------------+
+----------------------------------------------------------+
| QUEUE Queue{0x255f050}                          not used |
+----------------------------------------------------------+
+----------------------------------------------------------+
| QUEUE Queue{0x255f130}                          not used |
+----------------------------------------------------------+
+----------------------------------------------------------+
| QUEUE Queue{0x255f250}                          not used |
+----------------------------------------------------------+
+----------------------------------------------------------+
| QUEUE Queue{0x255f330}                          not used |
+----------------------------------------------------------+
+----------------------------------------------------------+
| QUEUE Queue{0x255f440}                          not used |
+----------------------------------------------------------+
+----------------------------------------------------------+
| QUEUE Queue{0x255f520}                          not used |
+----------------------------------------------------------+
+----------------------------------------------------------+
| HISTOGRAM Komora: Tatenice                               |
+----------------------------------------------------------+
| STATISTIC                                                |
+----------------------------------------------------------+
|  no record                                               |
+----------------------------------------------------------+
+----------------------------------------------------------+
| QUEUE Queue{0x255f6c0}                          not used |
+----------------------------------------------------------+
+----------------------------------------------------------+
| QUEUE Queue{0x255f7a0}                          not used |
+----------------------------------------------------------+
+----------------------------------------------------------+
| QUEUE Queue{0x255f9f0}                          not used |
+----------------------------------------------------------+
+----------------------------------------------------------+
| QUEUE Queue{0x255fad0}                          not used |
+----------------------------------------------------------+
+----------------------------------------------------------+
| QUEUE Queue{0x255fbe0}                          not used |
+----------------------------------------------------------+
+----------------------------------------------------------+
| QUEUE Queue{0x255fcc0}                          not used |
+----------------------------------------------------------+
+----------------------------------------------------------+
| QUEUE Queue{0x255fdd0}                          not used |
+----------------------------------------------------------+
+----------------------------------------------------------+
| QUEUE Queue{0x255feb0}                          not used |
+----------------------------------------------------------+
+----------------------------------------------------------+
| HISTOGRAM Tunel: Vrcholový                              |
+----------------------------------------------------------+
| STATISTIC                                                |
+----------------------------------------------------------+
|  no record                                               |
+----------------------------------------------------------+
+----------------------------------------------------------+
| QUEUE Queue{0x2560050}                          not used |
+----------------------------------------------------------+
+----------------------------------------------------------+
| QUEUE Queue{0x2560130}                          not used |
+----------------------------------------------------------+
+----------------------------------------------------------+
| QUEUE Queue{0x2560340}                          not used |
+----------------------------------------------------------+
+----------------------------------------------------------+
| QUEUE Queue{0x2560420}                          not used |
+----------------------------------------------------------+
+----------------------------------------------------------+
| HISTOGRAM Most: Ústí                                   |
+----------------------------------------------------------+
| STATISTIC                                                |
+----------------------------------------------------------+
|  no record                                               |
+----------------------------------------------------------+
+----------------------------------------------------------+
| QUEUE Queue{0x25605c0}                          not used |
+----------------------------------------------------------+
+----------------------------------------------------------+
| QUEUE Queue{0x25606a0}                          not used |
+----------------------------------------------------------+
+----------------------------------------------------------+
| QUEUE Queue{0x25608b0}                          not used |
+----------------------------------------------------------+
+----------------------------------------------------------+
| QUEUE Queue{0x2560990}                          not used |
+----------------------------------------------------------+
+----------------------------------------------------------+
| HISTOGRAM Komora: Kerhartice                             |
+----------------------------------------------------------+
| STATISTIC                                                |
+----------------------------------------------------------+
|  no record                                               |
+----------------------------------------------------------+
+----------------------------------------------------------+
| QUEUE Queue{0x2560b30}                          not used |
+----------------------------------------------------------+
+----------------------------------------------------------+
| QUEUE Queue{0x2560c10}                          not used |
+----------------------------------------------------------+
+----------------------------------------------------------+
| QUEUE Queue{0x2560e20}                          not used |
+----------------------------------------------------------+
+----------------------------------------------------------+
| QUEUE Queue{0x2560f00}                          not used |
+----------------------------------------------------------+
+----------------------------------------------------------+
| QUEUE Queue{0x2561010}                          not used |
+----------------------------------------------------------+
+----------------------------------------------------------+
| QUEUE Queue{0x25610f0}                          not used |
+----------------------------------------------------------+
+----------------------------------------------------------+
| QUEUE Queue{0x25611d0}                          not used |
+----------------------------------------------------------+
+----------------------------------------------------------+
| QUEUE Queue{0x25612b0}                          not used |
+----------------------------------------------------------+
+----------------------------------------------------------+
| HISTOGRAM Tunel: Roveň                                  |
+----------------------------------------------------------+
| STATISTIC                                                |
+----------------------------------------------------------+
|  no record                                               |
+----------------------------------------------------------+
+----------------------------------------------------------+
| QUEUE Queue{0x2561450}                          not used |
+----------------------------------------------------------+
+----------------------------------------------------------+
| QUEUE Queue{0x2561530}                          not used |
+----------------------------------------------------------+
+----------------------------------------------------------+
| HISTOGRAM Most: Roveň                                   |
+----------------------------------------------------------+
| STATISTIC                                                |
+----------------------------------------------------------+
|  no record                                               |
+----------------------------------------------------------+
+----------------------------------------------------------+
| QUEUE Queue{0x2561800}                          not used |
+----------------------------------------------------------+
+----------------------------------------------------------+
| QUEUE Queue{0x25618e0}                          not used |
+----------------------------------------------------------+
+----------------------------------------------------------+
| QUEUE Queue{0x2561ac0}                          not used |
+----------------------------------------------------------+
+----------------------------------------------------------+
| QUEUE Queue{0x2561ba0}                          not used |
+----------------------------------------------------------+
+----------------------------------------------------------+
| HISTOGRAM Komora: Brandýs                               |
+----------------------------------------------------------+
| STATISTIC                                                |
+----------------------------------------------------------+
|  no record                                               |
+----------------------------------------------------------+
+----------------------------------------------------------+
| QUEUE Queue{0x2561d40}                          not used |
+----------------------------------------------------------+
+----------------------------------------------------------+
| QUEUE Queue{0x2561e20}                          not used |
+----------------------------------------------------------+
+----------------------------------------------------------+
| QUEUE Queue{0x2562070}                          not used |
+----------------------------------------------------------+
+----------------------------------------------------------+
| QUEUE Queue{0x2562150}                          not used |
+----------------------------------------------------------+
+----------------------------------------------------------+
| HISTOGRAM Tunel: Choceň                                 |
+----------------------------------------------------------+
| STATISTIC                                                |
+----------------------------------------------------------+
|  no record                                               |
+----------------------------------------------------------+
+----------------------------------------------------------+
| QUEUE Queue{0x25622f0}                          not used |
+----------------------------------------------------------+
+----------------------------------------------------------+
| QUEUE Queue{0x25623d0}                          not used |
+----------------------------------------------------------+
+----------------------------------------------------------+
| QUEUE Queue{0x25625e0}                          not used |
+----------------------------------------------------------+
+----------------------------------------------------------+
| QUEUE Queue{0x25626c0}                          not used |
+----------------------------------------------------------+
+----------------------------------------------------------+
| QUEUE Queue{0x25627d0}                          not used |
+----------------------------------------------------------+
+----------------------------------------------------------+
| QUEUE Queue{0x25628b0}                          not used |
+----------------------------------------------------------+
+----------------------------------------------------------+
| QUEUE Queue{0x25629c0}                          not used |
+----------------------------------------------------------+
+----------------------------------------------------------+
| QUEUE Queue{0x2562aa0}                          not used |
+----------------------------------------------------------+
+----------------------------------------------------------+
| HISTOGRAM Komora: Dvořísko                             |
+----------------------------------------------------------+
| STATISTIC                                                |
+----------------------------------------------------------+
|  no record                                               |
+----------------------------------------------------------+
+----------------------------------------------------------+
| QUEUE Queue{0x2562c40}                          not used |
+----------------------------------------------------------+
+----------------------------------------------------------+
| QUEUE Queue{0x2562d20}                          not used |
+----------------------------------------------------------+
+----------------------------------------------------------+
| QUEUE Queue{0x2562f30}                          not used |
+----------------------------------------------------------+
+----------------------------------------------------------+
| QUEUE Queue{0x2563010}                          not used |
+----------------------------------------------------------+
+----------------------------------------------------------+
| HISTOGRAM Most: Loučná                                 |
+----------------------------------------------------------+
| STATISTIC                                                |
+----------------------------------------------------------+
|  no record                                               |
+----------------------------------------------------------+
+----------------------------------------------------------+
| QUEUE Queue{0x25631b0}                          not used |
+----------------------------------------------------------+
+----------------------------------------------------------+
| QUEUE Queue{0x2563290}                          not used |
+----------------------------------------------------------+
+----------------------------------------------------------+
| QUEUE Queue{0x25634a0}                          not used |
+----------------------------------------------------------+
+----------------------------------------------------------+
| QUEUE Queue{0x2563580}                          not used |
+----------------------------------------------------------+
+----------------------------------------------------------+
| HISTOGRAM Tunel: Vraclav                                 |
+----------------------------------------------------------+
| STATISTIC                                                |
+----------------------------------------------------------+
|  no record                                               |
+----------------------------------------------------------+
+----------------------------------------------------------+
| QUEUE Queue{0x2563720}                          not used |
+----------------------------------------------------------+
+----------------------------------------------------------+
| QUEUE Queue{0x2563800}                          not used |
+----------------------------------------------------------+
+----------------------------------------------------------+
| QUEUE Queue{0x2563a10}                          not used |
+----------------------------------------------------------+
+----------------------------------------------------------+
| QUEUE Queue{0x2563af0}                          not used |
+----------------------------------------------------------+
+----------------------------------------------------------+
| HISTOGRAM Komora: Turov                                  |
+----------------------------------------------------------+
| STATISTIC                                                |
+----------------------------------------------------------+
|  no record                                               |
+----------------------------------------------------------+
+----------------------------------------------------------+
| QUEUE Queue{0x2563c90}                          not used |
+----------------------------------------------------------+
+----------------------------------------------------------+
| QUEUE Queue{0x2563d70}                          not used |
+----------------------------------------------------------+
+----------------------------------------------------------+
| QUEUE Queue{0x2563f80}                          not used |
+----------------------------------------------------------+
+----------------------------------------------------------+
| QUEUE Queue{0x2564060}                          not used |
+----------------------------------------------------------+
+----------------------------------------------------------+
| HISTOGRAM Komora: ČernáZaBory                          |
+----------------------------------------------------------+
| STATISTIC                                                |
+----------------------------------------------------------+
|  no record                                               |
+----------------------------------------------------------+
+----------------------------------------------------------+
| QUEUE Queue{0x2564200}                          not used |
+----------------------------------------------------------+
+----------------------------------------------------------+
| QUEUE Queue{0x25642e0}                          not used |
+----------------------------------------------------------+
+----------------------------------------------------------+
| QUEUE Queue{0x25644f0}                          not used |
+----------------------------------------------------------+
+----------------------------------------------------------+
| QUEUE Queue{0x25645d0}                          not used |
+----------------------------------------------------------+
+----------------------------------------------------------+
| QUEUE Queue{0x255a560}                          not used |
+----------------------------------------------------------+
+----------------------------------------------------------+
| QUEUE Queue{0x255a640}                          not used |
+----------------------------------------------------------+
+----------------------------------------------------------+
| QUEUE Queue{0x255a750}                          not used |
+----------------------------------------------------------+
+----------------------------------------------------------+
| QUEUE Queue{0x255a830}                          not used |
+----------------------------------------------------------+
+----------------------------------------------------------+
| HISTOGRAM Plavebni komory                                |
+----------------------------------------------------------+
| STATISTIC                                                |
+----------------------------------------------------------+
|  no record                                               |
+----------------------------------------------------------+
