+----------------------------------------------------------+
| HISTOGRAM Komora: Tvrdonice                              |
+----------------------------------------------------------+
| STATISTIC                                                |
+----------------------------------------------------------+
|  no record                                               |
+----------------------------------------------------------+
+----------------------------------------------------------+
| QUEUE Queue{0x1912240}                          not used |
+----------------------------------------------------------+
+----------------------------------------------------------+
| QUEUE Queue{0x1912320}                          not used |
+----------------------------------------------------------+
+----------------------------------------------------------+
| QUEUE Queue{0x1912540}                          not used |
+----------------------------------------------------------+
+----------------------------------------------------------+
| QUEUE Queue{0x1912620}                          not used |
+----------------------------------------------------------+
+----------------------------------------------------------+
| QUEUE Queue{0x1912f80}                          not used |
+----------------------------------------------------------+
+----------------------------------------------------------+
| QUEUE Queue{0x1913060}                          not used |
+----------------------------------------------------------+
+----------------------------------------------------------+
| QUEUE Queue{0x19131b0}                          not used |
+----------------------------------------------------------+
+----------------------------------------------------------+
| QUEUE Queue{0x1913290}                          not used |
+----------------------------------------------------------+
+----------------------------------------------------------+
| HISTOGRAM Komora: Hodonín|                              |
+----------------------------------------------------------+
| STATISTIC                                                |
+----------------------------------------------------------+
|  no record                                               |
+----------------------------------------------------------+
+----------------------------------------------------------+
| QUEUE Queue{0x1913420}                          not used |
+----------------------------------------------------------+
+----------------------------------------------------------+
| QUEUE Queue{0x1913500}                          not used |
+----------------------------------------------------------+
+----------------------------------------------------------+
| QUEUE Queue{0x1913750}                          not used |
+----------------------------------------------------------+
+----------------------------------------------------------+
| QUEUE Queue{0x1913830}                          not used |
+----------------------------------------------------------+
+----------------------------------------------------------+
| HISTOGRAM Komora: Rohatec                                |
+----------------------------------------------------------+
| STATISTIC                                                |
+----------------------------------------------------------+
|  no record                                               |
+----------------------------------------------------------+
+----------------------------------------------------------+
| QUEUE Queue{0x19139c0}                          not used |
+----------------------------------------------------------+
+----------------------------------------------------------+
| QUEUE Queue{0x1913aa0}                          not used |
+----------------------------------------------------------+
+----------------------------------------------------------+
| QUEUE Queue{0x1913c60}                          not used |
+----------------------------------------------------------+
+----------------------------------------------------------+
| QUEUE Queue{0x1913d40}                          not used |
+----------------------------------------------------------+
+----------------------------------------------------------+
| QUEUE Queue{0x1913e60}                          not used |
+----------------------------------------------------------+
+----------------------------------------------------------+
| QUEUE Queue{0x1913f40}                          not used |
+----------------------------------------------------------+
+----------------------------------------------------------+
| QUEUE Queue{0x19140e0}                          not used |
+----------------------------------------------------------+
+----------------------------------------------------------+
| QUEUE Queue{0x19141c0}                          not used |
+----------------------------------------------------------+
+----------------------------------------------------------+
| QUEUE Queue{0x19142e0}                          not used |
+----------------------------------------------------------+
+----------------------------------------------------------+
| QUEUE Queue{0x19143c0}                          not used |
+----------------------------------------------------------+
+----------------------------------------------------------+
| QUEUE Queue{0x19144d0}                          not used |
+----------------------------------------------------------+
+----------------------------------------------------------+
| QUEUE Queue{0x19145b0}                          not used |
+----------------------------------------------------------+
+----------------------------------------------------------+
| QUEUE Queue{0x19146d0}                          not used |
+----------------------------------------------------------+
+----------------------------------------------------------+
| QUEUE Queue{0x19147b0}                          not used |
+----------------------------------------------------------+
+----------------------------------------------------------+
| QUEUE Queue{0x19148c0}                          not used |
+----------------------------------------------------------+
+----------------------------------------------------------+
| QUEUE Queue{0x19149a0}                          not used |
+----------------------------------------------------------+
+----------------------------------------------------------+
| QUEUE Queue{0x1914ac0}                          not used |
+----------------------------------------------------------+
+----------------------------------------------------------+
| QUEUE Queue{0x1914ba0}                          not used |
+----------------------------------------------------------+
+----------------------------------------------------------+
| HISTOGRAM Komora: Uh.Hradiště                          |
+----------------------------------------------------------+
| STATISTIC                                                |
+----------------------------------------------------------+
|  no record                                               |
+----------------------------------------------------------+
+----------------------------------------------------------+
| QUEUE Queue{0x1914d70}                          not used |
+----------------------------------------------------------+
+----------------------------------------------------------+
| QUEUE Queue{0x1914e50}                          not used |
+----------------------------------------------------------+
+----------------------------------------------------------+
| QUEUE Queue{0x1915050}                          not used |
+----------------------------------------------------------+
+----------------------------------------------------------+
| QUEUE Queue{0x1915130}                          not used |
+----------------------------------------------------------+
+----------------------------------------------------------+
| QUEUE Queue{0x1915320}                          not used |
+----------------------------------------------------------+
+----------------------------------------------------------+
| QUEUE Queue{0x1915400}                          not used |
+----------------------------------------------------------+
+----------------------------------------------------------+
| QUEUE Queue{0x19154e0}                          not used |
+----------------------------------------------------------+
+----------------------------------------------------------+
| QUEUE Queue{0x19155c0}                          not used |
+----------------------------------------------------------+
+----------------------------------------------------------+
| QUEUE Queue{0x19156a0}                          not used |
+----------------------------------------------------------+
+----------------------------------------------------------+
| QUEUE Queue{0x1915780}                          not used |
+----------------------------------------------------------+
+----------------------------------------------------------+
| HISTOGRAM Komora: Bělov                                 |
+----------------------------------------------------------+
| STATISTIC                                                |
+----------------------------------------------------------+
|  no record                                               |
+----------------------------------------------------------+
+----------------------------------------------------------+
| QUEUE Queue{0x1915910}                          not used |
+----------------------------------------------------------+
+----------------------------------------------------------+
| QUEUE Queue{0x19159f0}                          not used |
+----------------------------------------------------------+
+----------------------------------------------------------+
| QUEUE Queue{0x1915c20}                          not used |
+----------------------------------------------------------+
+----------------------------------------------------------+
| QUEUE Queue{0x1915d00}                          not used |
+----------------------------------------------------------+
+----------------------------------------------------------+
| QUEUE Queue{0x1915de0}                          not used |
+----------------------------------------------------------+
+----------------------------------------------------------+
| QUEUE Queue{0x1915ec0}                          not used |
+----------------------------------------------------------+
+----------------------------------------------------------+
| HISTOGRAM Komora: Kroměříž                           |
+----------------------------------------------------------+
| STATISTIC                                                |
+----------------------------------------------------------+
|  no record                                               |
+----------------------------------------------------------+
+----------------------------------------------------------+
| QUEUE Queue{0x1916050}                          not used |
+----------------------------------------------------------+
+----------------------------------------------------------+
| QUEUE Queue{0x1916130}                          not used |
+----------------------------------------------------------+
+----------------------------------------------------------+
| QUEUE Queue{0x1916380}                          not used |
+----------------------------------------------------------+
+----------------------------------------------------------+
| QUEUE Queue{0x1916460}                          not used |
+----------------------------------------------------------+
+----------------------------------------------------------+
| QUEUE Queue{0x1916540}                          not used |
+----------------------------------------------------------+
+----------------------------------------------------------+
| QUEUE Queue{0x1916620}                          not used |
+----------------------------------------------------------+
+----------------------------------------------------------+
| QUEUE Queue{0x1916730}                          not used |
+----------------------------------------------------------+
+----------------------------------------------------------+
| QUEUE Queue{0x1916810}                          not used |
+----------------------------------------------------------+
+----------------------------------------------------------+
| QUEUE Queue{0x1916920}                          not used |
+----------------------------------------------------------+
+----------------------------------------------------------+
| QUEUE Queue{0x1916a00}                          not used |
+----------------------------------------------------------+
+----------------------------------------------------------+
| HISTOGRAM Komora: Zařičí                              |
+----------------------------------------------------------+
| STATISTIC                                                |
+----------------------------------------------------------+
|  no record                                               |
+----------------------------------------------------------+
+----------------------------------------------------------+
| QUEUE Queue{0x1916b90}                          not used |
+----------------------------------------------------------+
+----------------------------------------------------------+
| QUEUE Queue{0x1916c70}                          not used |
+----------------------------------------------------------+
+----------------------------------------------------------+
| QUEUE Queue{0x1916ec0}                          not used |
+----------------------------------------------------------+
+----------------------------------------------------------+
| QUEUE Queue{0x1916fa0}                          not used |
+----------------------------------------------------------+
+----------------------------------------------------------+
| QUEUE Queue{0x19170b0}                          not used |
+----------------------------------------------------------+
+----------------------------------------------------------+
| QUEUE Queue{0x1917190}                          not used |
+----------------------------------------------------------+
+----------------------------------------------------------+
| QUEUE Queue{0x19172a0}                          not used |
+----------------------------------------------------------+
+----------------------------------------------------------+
| QUEUE Queue{0x1917380}                          not used |
+----------------------------------------------------------+
+----------------------------------------------------------+
| HISTOGRAM Komora: Rokytnice                              |
+----------------------------------------------------------+
| STATISTIC                                                |
+----------------------------------------------------------+
|  no record                                               |
+----------------------------------------------------------+
+----------------------------------------------------------+
| QUEUE Queue{0x1917510}                          not used |
+----------------------------------------------------------+
+----------------------------------------------------------+
| QUEUE Queue{0x19175f0}                          not used |
+----------------------------------------------------------+
+----------------------------------------------------------+
| QUEUE Queue{0x1915240}                          not used |
+----------------------------------------------------------+
+----------------------------------------------------------+
| QUEUE Queue{0x19179e0}                          not used |
+----------------------------------------------------------+
+----------------------------------------------------------+
| QUEUE Queue{0x1917af0}                          not used |
+----------------------------------------------------------+
+----------------------------------------------------------+
| QUEUE Queue{0x1917bd0}                          not used |
+----------------------------------------------------------+
+----------------------------------------------------------+
| QUEUE Queue{0x1917ce0}                          not used |
+----------------------------------------------------------+
+----------------------------------------------------------+
| QUEUE Queue{0x1917dc0}                          not used |
+----------------------------------------------------------+
+----------------------------------------------------------+
| QUEUE Queue{0x1917ea0}                          not used |
+----------------------------------------------------------+
+----------------------------------------------------------+
| QUEUE Queue{0x1917f80}                          not used |
+----------------------------------------------------------+
+----------------------------------------------------------+
| QUEUE Queue{0x1918090}                          not used |
+----------------------------------------------------------+
+----------------------------------------------------------+
| QUEUE Queue{0x1918170}                          not used |
+----------------------------------------------------------+
+----------------------------------------------------------+
| HISTOGRAM Komora: Lipník                                |
+----------------------------------------------------------+
| STATISTIC                                                |
+----------------------------------------------------------+
|  no record                                               |
+----------------------------------------------------------+
+----------------------------------------------------------+
| QUEUE Queue{0x1918300}                          not used |
+----------------------------------------------------------+
+----------------------------------------------------------+
| QUEUE Queue{0x19183e0}                          not used |
+----------------------------------------------------------+
+----------------------------------------------------------+
| QUEUE Queue{0x19185f0}                          not used |
+----------------------------------------------------------+
+----------------------------------------------------------+
| QUEUE Queue{0x19186d0}                          not used |
+----------------------------------------------------------+
+----------------------------------------------------------+
| QUEUE Queue{0x19187e0}                          not used |
+----------------------------------------------------------+
+----------------------------------------------------------+
| QUEUE Queue{0x19188c0}                          not used |
+----------------------------------------------------------+
+----------------------------------------------------------+
| QUEUE Queue{0x19189e0}                          not used |
+----------------------------------------------------------+
+----------------------------------------------------------+
| QUEUE Queue{0x1918ac0}                          not used |
+----------------------------------------------------------+
+----------------------------------------------------------+
| QUEUE Queue{0x1918bd0}                          not used |
+----------------------------------------------------------+
+----------------------------------------------------------+
| QUEUE Queue{0x1918cb0}                          not used |
+----------------------------------------------------------+
+----------------------------------------------------------+
| HISTOGRAM Komora: Černotín                             |
+----------------------------------------------------------+
| STATISTIC                                                |
+----------------------------------------------------------+
|  no record                                               |
+----------------------------------------------------------+
+----------------------------------------------------------+
| QUEUE Queue{0x1918e40}                          not used |
+----------------------------------------------------------+
+----------------------------------------------------------+
| QUEUE Queue{0x1918f20}                          not used |
+----------------------------------------------------------+
+----------------------------------------------------------+
| QUEUE Queue{0x1919170}                          not used |
+----------------------------------------------------------+
+----------------------------------------------------------+
| QUEUE Queue{0x1919250}                          not used |
+----------------------------------------------------------+
+----------------------------------------------------------+
| QUEUE Queue{0x1919360}                          not used |
+----------------------------------------------------------+
+----------------------------------------------------------+
| QUEUE Queue{0x1919440}                          not used |
+----------------------------------------------------------+
+----------------------------------------------------------+
| QUEUE Queue{0x1919550}                          not used |
+----------------------------------------------------------+
+----------------------------------------------------------+
| QUEUE Queue{0x1919630}                          not used |
+----------------------------------------------------------+
+----------------------------------------------------------+
| HISTOGRAM Komora: Poruba                                 |
+----------------------------------------------------------+
| STATISTIC                                                |
+----------------------------------------------------------+
|  no record                                               |
+----------------------------------------------------------+
+----------------------------------------------------------+
| QUEUE Queue{0x19197c0}                          not used |
+----------------------------------------------------------+
+----------------------------------------------------------+
| QUEUE Queue{0x19198a0}                          not used |
+----------------------------------------------------------+
+----------------------------------------------------------+
| QUEUE Queue{0x1919ab0}                          not used |
+----------------------------------------------------------+
+----------------------------------------------------------+
| QUEUE Queue{0x1919b90}                          not used |
+----------------------------------------------------------+
+----------------------------------------------------------+
| HISTOGRAM Komora: Kunín                                 |
+----------------------------------------------------------+
| STATISTIC                                                |
+----------------------------------------------------------+
|  no record                                               |
+----------------------------------------------------------+
+----------------------------------------------------------+
| QUEUE Queue{0x1919d20}                          not used |
+----------------------------------------------------------+
+----------------------------------------------------------+
| QUEUE Queue{0x1919e00}                          not used |
+----------------------------------------------------------+
+----------------------------------------------------------+
| QUEUE Queue{0x191a010}                          not used |
+----------------------------------------------------------+
+----------------------------------------------------------+
| QUEUE Queue{0x191a0f0}                          not used |
+----------------------------------------------------------+
+----------------------------------------------------------+
| HISTOGRAM Most: Bartošovice                             |
+----------------------------------------------------------+
| STATISTIC                                                |
+----------------------------------------------------------+
|  no record                                               |
+----------------------------------------------------------+
+----------------------------------------------------------+
| QUEUE Queue{0x191a290}                          not used |
+----------------------------------------------------------+
+----------------------------------------------------------+
| QUEUE Queue{0x191a370}                          not used |
+----------------------------------------------------------+
+----------------------------------------------------------+
| QUEUE Queue{0x191a580}                          not used |
+----------------------------------------------------------+
+----------------------------------------------------------+
| QUEUE Queue{0x191a660}                          not used |
+----------------------------------------------------------+
+----------------------------------------------------------+
| QUEUE Queue{0x191a770}                          not used |
+----------------------------------------------------------+
+----------------------------------------------------------+
| QUEUE Queue{0x191a850}                          not used |
+----------------------------------------------------------+
+----------------------------------------------------------+
| QUEUE Queue{0x191a960}                          not used |
+----------------------------------------------------------+
+----------------------------------------------------------+
| QUEUE Queue{0x191aa40}                          not used |
+----------------------------------------------------------+
+----------------------------------------------------------+
| HISTOGRAM Komora: Petřvald                              |
+----------------------------------------------------------+
| STATISTIC                                                |
+----------------------------------------------------------+
|  no record                                               |
+----------------------------------------------------------+
+----------------------------------------------------------+
| QUEUE Queue{0x191abd0}                          not used |
+----------------------------------------------------------+
+----------------------------------------------------------+
| QUEUE Queue{0x191acb0}                          not used |
+----------------------------------------------------------+
+----------------------------------------------------------+
| QUEUE Queue{0x191aec0}                          not used |
+----------------------------------------------------------+
+----------------------------------------------------------+
| QUEUE Queue{0x191afa0}                          not used |
+----------------------------------------------------------+
+----------------------------------------------------------+
| HISTOGRAM Komora: Proskovice                             |
+----------------------------------------------------------+
| STATISTIC                                                |
+----------------------------------------------------------+
|  no record                                               |
+----------------------------------------------------------+
+----------------------------------------------------------+
| QUEUE Queue{0x191b130}                          not used |
+----------------------------------------------------------+
+----------------------------------------------------------+
| QUEUE Queue{0x191b210}                          not used |
+----------------------------------------------------------+
+----------------------------------------------------------+
| QUEUE Queue{0x191b420}                          not used |
+----------------------------------------------------------+
+----------------------------------------------------------+
| QUEUE Queue{0x191b500}                          not used |
+----------------------------------------------------------+
+----------------------------------------------------------+
| HISTOGRAM Komora: Výškovice                            |
+----------------------------------------------------------+
| STATISTIC                                                |
+----------------------------------------------------------+
|  no record                                               |
+----------------------------------------------------------+
+----------------------------------------------------------+
| QUEUE Queue{0x191b690}                          not used |
+----------------------------------------------------------+
+----------------------------------------------------------+
| QUEUE Queue{0x191b770}                          not used |
+----------------------------------------------------------+
+----------------------------------------------------------+
| QUEUE Queue{0x191b980}                          not used |
+----------------------------------------------------------+
+----------------------------------------------------------+
| QUEUE Queue{0x191ba60}                          not used |
+----------------------------------------------------------+
+----------------------------------------------------------+
| QUEUE Queue{0x191bb40}                          not used |
+----------------------------------------------------------+
+----------------------------------------------------------+
| QUEUE Queue{0x191bc20}                          not used |
+----------------------------------------------------------+
+----------------------------------------------------------+
| HISTOGRAM Komora: Svinov                                 |
+----------------------------------------------------------+
| STATISTIC                                                |
+----------------------------------------------------------+
|  no record                                               |
+----------------------------------------------------------+
+----------------------------------------------------------+
| QUEUE Queue{0x191bdb0}                          not used |
+----------------------------------------------------------+
+----------------------------------------------------------+
| QUEUE Queue{0x191be90}                          not used |
+----------------------------------------------------------+
+----------------------------------------------------------+
| QUEUE Queue{0x191c0e0}                          not used |
+----------------------------------------------------------+
+----------------------------------------------------------+
| QUEUE Queue{0x191c1c0}                          not used |
+----------------------------------------------------------+
+----------------------------------------------------------+
| QUEUE Queue{0x191c2a0}                          not used |
+----------------------------------------------------------+
+----------------------------------------------------------+
| QUEUE Queue{0x191c380}                          not used |
+----------------------------------------------------------+
+----------------------------------------------------------+
| QUEUE Queue{0x19177d0}                          not used |
+----------------------------------------------------------+
+----------------------------------------------------------+
| QUEUE Queue{0x19178b0}                          not used |
+----------------------------------------------------------+
+----------------------------------------------------------+
| HISTOGRAM Komora: Přívoz                               |
+----------------------------------------------------------+
| STATISTIC                                                |
+----------------------------------------------------------+
|  no record                                               |
+----------------------------------------------------------+
+----------------------------------------------------------+
| QUEUE Queue{0x191c920}                          not used |
+----------------------------------------------------------+
+----------------------------------------------------------+
| QUEUE Queue{0x191ca00}                          not used |
+----------------------------------------------------------+
+----------------------------------------------------------+
| QUEUE Queue{0x191cc10}                          not used |
+----------------------------------------------------------+
+----------------------------------------------------------+
| QUEUE Queue{0x191ccf0}                          not used |
+----------------------------------------------------------+
+----------------------------------------------------------+
| QUEUE Queue{0x191ce10}                          not used |
+----------------------------------------------------------+
+----------------------------------------------------------+
| QUEUE Queue{0x191cef0}                          not used |
+----------------------------------------------------------+
+----------------------------------------------------------+
| QUEUE Queue{0x191d000}                          not used |
+----------------------------------------------------------+
+----------------------------------------------------------+
| QUEUE Queue{0x191d0e0}                          not used |
+----------------------------------------------------------+
+----------------------------------------------------------+
| QUEUE Queue{0x191d200}                          not used |
+----------------------------------------------------------+
+----------------------------------------------------------+
| QUEUE Queue{0x191d2e0}                          not used |
+----------------------------------------------------------+
+----------------------------------------------------------+
| QUEUE Queue{0x191d3f0}                          not used |
+----------------------------------------------------------+
+----------------------------------------------------------+
| QUEUE Queue{0x191d4d0}                          not used |
+----------------------------------------------------------+
+----------------------------------------------------------+
| HISTOGRAM Komora: Bohumín/Chałupki                     |
+----------------------------------------------------------+
| STATISTIC                                                |
+----------------------------------------------------------+
|  no record                                               |
+----------------------------------------------------------+
+----------------------------------------------------------+
| QUEUE Queue{0x191d660}                          not used |
+----------------------------------------------------------+
+----------------------------------------------------------+
| QUEUE Queue{0x191d740}                          not used |
+----------------------------------------------------------+
+----------------------------------------------------------+
| QUEUE Queue{0x191d9a0}                          not used |
+----------------------------------------------------------+
+----------------------------------------------------------+
| QUEUE Queue{0x191da80}                          not used |
+----------------------------------------------------------+
+----------------------------------------------------------+
| QUEUE Queue{0x191db90}                          not used |
+----------------------------------------------------------+
+----------------------------------------------------------+
| QUEUE Queue{0x191dc70}                          not used |
+----------------------------------------------------------+
+----------------------------------------------------------+
| QUEUE Queue{0x191dd80}                          not used |
+----------------------------------------------------------+
+----------------------------------------------------------+
| QUEUE Queue{0x191de60}                          not used |
+----------------------------------------------------------+
+----------------------------------------------------------+
| QUEUE Queue{0x191df70}                          not used |
+----------------------------------------------------------+
+----------------------------------------------------------+
| QUEUE Queue{0x191e050}                          not used |
+----------------------------------------------------------+
+----------------------------------------------------------+
| QUEUE Queue{0x191e160}                          not used |
+----------------------------------------------------------+
+----------------------------------------------------------+
| QUEUE Queue{0x191e240}                          not used |
+----------------------------------------------------------+
+----------------------------------------------------------+
| HISTOGRAM Komora: Střelice                              |
+----------------------------------------------------------+
| STATISTIC                                                |
+----------------------------------------------------------+
|  no record                                               |
+----------------------------------------------------------+
+----------------------------------------------------------+
| QUEUE Queue{0x191e3d0}                          not used |
+----------------------------------------------------------+
+----------------------------------------------------------+
| QUEUE Queue{0x191e4b0}                          not used |
+----------------------------------------------------------+
+----------------------------------------------------------+
| QUEUE Queue{0x191e6c0}                          not used |
+----------------------------------------------------------+
+----------------------------------------------------------+
| QUEUE Queue{0x191e7a0}                          not used |
+----------------------------------------------------------+
+----------------------------------------------------------+
| HISTOGRAM Komora: Králová                              |
+----------------------------------------------------------+
| STATISTIC                                                |
+----------------------------------------------------------+
|  no record                                               |
+----------------------------------------------------------+
+----------------------------------------------------------+
| QUEUE Queue{0x191e930}                          not used |
+----------------------------------------------------------+
+----------------------------------------------------------+
| QUEUE Queue{0x191ea10}                          not used |
+----------------------------------------------------------+
+----------------------------------------------------------+
| QUEUE Queue{0x191ec20}                          not used |
+----------------------------------------------------------+
+----------------------------------------------------------+
| QUEUE Queue{0x191ed00}                          not used |
+----------------------------------------------------------+
+----------------------------------------------------------+
| HISTOGRAM Most: Morava                                   |
+----------------------------------------------------------+
| STATISTIC                                                |
+----------------------------------------------------------+
|  no record                                               |
+----------------------------------------------------------+
+----------------------------------------------------------+
| QUEUE Queue{0x191eea0}                          not used |
+----------------------------------------------------------+
+----------------------------------------------------------+
| QUEUE Queue{0x191ef80}                          not used |
+----------------------------------------------------------+
+----------------------------------------------------------+
| QUEUE Queue{0x191f190}                          not used |
+----------------------------------------------------------+
+----------------------------------------------------------+
| QUEUE Queue{0x191f270}                          not used |
+----------------------------------------------------------+
+----------------------------------------------------------+
| HISTOGRAM Komora: Zábřeh                               |
+----------------------------------------------------------+
| STATISTIC                                                |
+----------------------------------------------------------+
|  no record                                               |
+----------------------------------------------------------+
+----------------------------------------------------------+
| QUEUE Queue{0x191f400}                          not used |
+----------------------------------------------------------+
+----------------------------------------------------------+
| QUEUE Queue{0x191f4e0}                          not used |
+----------------------------------------------------------+
+----------------------------------------------------------+
| QUEUE Queue{0x191f6f0}                          not used |
+----------------------------------------------------------+
+----------------------------------------------------------+
| QUEUE Queue{0x191f7d0}                          not used |
+----------------------------------------------------------+
+----------------------------------------------------------+
| HISTOGRAM Tunel: Hejnice                                 |
+----------------------------------------------------------+
| STATISTIC                                                |
+----------------------------------------------------------+
|  no record                                               |
+----------------------------------------------------------+
+----------------------------------------------------------+
| QUEUE Queue{0x191f970}                          not used |
+----------------------------------------------------------+
+----------------------------------------------------------+
| QUEUE Queue{0x191fa50}                          not used |
+----------------------------------------------------------+
+----------------------------------------------------------+
| QUEUE Queue{0x191fc60}                          not used |
+----------------------------------------------------------+
+----------------------------------------------------------+
| QUEUE Queue{0x191fd40}                          not used |
+----------------------------------------------------------+
+----------------------------------------------------------+
| HISTOGRAM Komora: Hněvkov                               |
+----------------------------------------------------------+
| STATISTIC                                                |
+----------------------------------------------------------+
|  no record                                               |
+----------------------------------------------------------+
+----------------------------------------------------------+
| QUEUE Queue{0x191fed0}                          not used |
+----------------------------------------------------------+
+----------------------------------------------------------+
| QUEUE Queue{0x191ffb0}                          not used |
+----------------------------------------------------------+
+----------------------------------------------------------+
| QUEUE Queue{0x19201d0}                          not used |
+----------------------------------------------------------+
+----------------------------------------------------------+
| QUEUE Queue{0x19202b0}                          not used |
+----------------------------------------------------------+
+----------------------------------------------------------+
| QUEUE Queue{0x1920390}                          not used |
+----------------------------------------------------------+
+----------------------------------------------------------+
| QUEUE Queue{0x1920470}                          not used |
+----------------------------------------------------------+
+----------------------------------------------------------+
| HISTOGRAM Komora: Homole                                 |
+----------------------------------------------------------+
| STATISTIC                                                |
+----------------------------------------------------------+
|  no record                                               |
+----------------------------------------------------------+
+----------------------------------------------------------+
| QUEUE Queue{0x1920600}                          not used |
+----------------------------------------------------------+
+----------------------------------------------------------+
| QUEUE Queue{0x19206e0}                          not used |
+----------------------------------------------------------+
+----------------------------------------------------------+
| QUEUE Queue{0x1920930}                          not used |
+----------------------------------------------------------+
+----------------------------------------------------------+
| QUEUE Queue{0x1920a10}                          not used |
+----------------------------------------------------------+
+----------------------------------------------------------+
| QUEUE Queue{0x1920af0}                          not used |
+----------------------------------------------------------+
+----------------------------------------------------------+
| QUEUE Queue{0x1920bd0}                          not used |
+----------------------------------------------------------+
+----------------------------------------------------------+
| QUEUE Queue{0x1920cf0}                          not used |
+----------------------------------------------------------+
+----------------------------------------------------------+
| QUEUE Queue{0x1920dd0}                          not used |
+----------------------------------------------------------+
+----------------------------------------------------------+
| QUEUE Queue{0x1920ee0}                          not used |
+----------------------------------------------------------+
+----------------------------------------------------------+
| QUEUE Queue{0x1920fc0}                          not used |
+----------------------------------------------------------+
+----------------------------------------------------------+
| QUEUE Queue{0x19210e0}                          not used |
+----------------------------------------------------------+
+----------------------------------------------------------+
| QUEUE Queue{0x19211c0}                          not used |
+----------------------------------------------------------+
+----------------------------------------------------------+
| QUEUE Queue{0x19212d0}                          not used |
+----------------------------------------------------------+
+----------------------------------------------------------+
| QUEUE Queue{0x19213b0}                          not used |
+----------------------------------------------------------+
+----------------------------------------------------------+
| HISTOGRAM Komora: Tatenice                               |
+----------------------------------------------------------+
| STATISTIC                                                |
+----------------------------------------------------------+
|  no record                                               |
+----------------------------------------------------------+
+----------------------------------------------------------+
| QUEUE Queue{0x1921540}                          not used |
+----------------------------------------------------------+
+----------------------------------------------------------+
| QUEUE Queue{0x1921620}                          not used |
+----------------------------------------------------------+
+----------------------------------------------------------+
| QUEUE Queue{0x1921870}                          not used |
+----------------------------------------------------------+
+----------------------------------------------------------+
| QUEUE Queue{0x1921950}                          not used |
+----------------------------------------------------------+
+----------------------------------------------------------+
| QUEUE Queue{0x1921a60}                          not used |
+----------------------------------------------------------+
+----------------------------------------------------------+
| QUEUE Queue{0x1921b40}                          not used |
+----------------------------------------------------------+
+----------------------------------------------------------+
| QUEUE Queue{0x1921c50}                          not used |
+----------------------------------------------------------+
+----------------------------------------------------------+
| QUEUE Queue{0x1921d30}                          not used |
+----------------------------------------------------------+
+----------------------------------------------------------+
| HISTOGRAM Tunel: Vrcholový                              |
+----------------------------------------------------------+
| STATISTIC                                                |
+----------------------------------------------------------+
|  no record                                               |
+----------------------------------------------------------+
+----------------------------------------------------------+
| QUEUE Queue{0x1921ed0}                          not used |
+----------------------------------------------------------+
+----------------------------------------------------------+
| QUEUE Queue{0x1921fb0}                          not used |
+----------------------------------------------------------+
+----------------------------------------------------------+
| QUEUE Queue{0x19221c0}                          not used |
+----------------------------------------------------------+
+----------------------------------------------------------+
| QUEUE Queue{0x19222a0}                          not used |
+----------------------------------------------------------+
+----------------------------------------------------------+
| HISTOGRAM Most: Ústí                                   |
+----------------------------------------------------------+
| STATISTIC                                                |
+----------------------------------------------------------+
|  no record                                               |
+----------------------------------------------------------+
+----------------------------------------------------------+
| QUEUE Queue{0x1922440}                          not used |
+----------------------------------------------------------+
+----------------------------------------------------------+
| QUEUE Queue{0x1922520}                          not used |
+----------------------------------------------------------+
+----------------------------------------------------------+
| QUEUE Queue{0x1922730}                          not used |
+----------------------------------------------------------+
+----------------------------------------------------------+
| QUEUE Queue{0x1922810}                          not used |
+----------------------------------------------------------+
+----------------------------------------------------------+
| HISTOGRAM Komora: Kerhartice                             |
+----------------------------------------------------------+
| STATISTIC                                                |
+----------------------------------------------------------+
|  no record                                               |
+----------------------------------------------------------+
+----------------------------------------------------------+
| QUEUE Queue{0x19229a0}                          not used |
+----------------------------------------------------------+
+----------------------------------------------------------+
| QUEUE Queue{0x1922a80}                          not used |
+----------------------------------------------------------+
+----------------------------------------------------------+
| QUEUE Queue{0x1922c90}                          not used |
+----------------------------------------------------------+
+----------------------------------------------------------+
| QUEUE Queue{0x1922d70}                          not used |
+----------------------------------------------------------+
+----------------------------------------------------------+
| QUEUE Queue{0x1922e80}                          not used |
+----------------------------------------------------------+
+----------------------------------------------------------+
| QUEUE Queue{0x1922f60}                          not used |
+----------------------------------------------------------+
+----------------------------------------------------------+
| QUEUE Queue{0x1923040}                          not used |
+----------------------------------------------------------+
+----------------------------------------------------------+
| QUEUE Queue{0x1923120}                          not used |
+----------------------------------------------------------+
+----------------------------------------------------------+
| HISTOGRAM Tunel: Roveň                                  |
+----------------------------------------------------------+
| STATISTIC                                                |
+----------------------------------------------------------+
|  no record                                               |
+----------------------------------------------------------+
+----------------------------------------------------------+
| QUEUE Queue{0x19232c0}                          not used |
+----------------------------------------------------------+
+----------------------------------------------------------+
| QUEUE Queue{0x19233a0}                          not used |
+----------------------------------------------------------+
+----------------------------------------------------------+
| HISTOGRAM Most: Roveň                                   |
+----------------------------------------------------------+
| STATISTIC                                                |
+----------------------------------------------------------+
|  no record                                               |
+----------------------------------------------------------+
+----------------------------------------------------------+
| QUEUE Queue{0x1923670}                          not used |
+----------------------------------------------------------+
+----------------------------------------------------------+
| QUEUE Queue{0x1923750}                          not used |
+----------------------------------------------------------+
+----------------------------------------------------------+
| QUEUE Queue{0x1923930}                          not used |
+----------------------------------------------------------+
+----------------------------------------------------------+
| QUEUE Queue{0x1923a10}                          not used |
+----------------------------------------------------------+
+----------------------------------------------------------+
| HISTOGRAM Komora: Brandýs                               |
+----------------------------------------------------------+
| STATISTIC                                                |
+----------------------------------------------------------+
|  no record                                               |
+----------------------------------------------------------+
+----------------------------------------------------------+
| QUEUE Queue{0x1923ba0}                          not used |
+----------------------------------------------------------+
+----------------------------------------------------------+
| QUEUE Queue{0x1923c80}                          not used |
+----------------------------------------------------------+
+----------------------------------------------------------+
| QUEUE Queue{0x1923ed0}                          not used |
+----------------------------------------------------------+
+----------------------------------------------------------+
| QUEUE Queue{0x1923fb0}                          not used |
+----------------------------------------------------------+
+----------------------------------------------------------+
| HISTOGRAM Tunel: Choceň                                 |
+----------------------------------------------------------+
| STATISTIC                                                |
+----------------------------------------------------------+
|  no record                                               |
+----------------------------------------------------------+
+----------------------------------------------------------+
| QUEUE Queue{0x1924150}                          not used |
+----------------------------------------------------------+
+----------------------------------------------------------+
| QUEUE Queue{0x1924230}                          not used |
+----------------------------------------------------------+
+----------------------------------------------------------+
| QUEUE Queue{0x1924440}                          not used |
+----------------------------------------------------------+
+----------------------------------------------------------+
| QUEUE Queue{0x1924520}                          not used |
+----------------------------------------------------------+
+----------------------------------------------------------+
| QUEUE Queue{0x1924630}                          not used |
+----------------------------------------------------------+
+----------------------------------------------------------+
| QUEUE Queue{0x1924710}                          not used |
+----------------------------------------------------------+
+----------------------------------------------------------+
| QUEUE Queue{0x1924820}                          not used |
+----------------------------------------------------------+
+----------------------------------------------------------+
| QUEUE Queue{0x1924900}                          not used |
+----------------------------------------------------------+
+----------------------------------------------------------+
| HISTOGRAM Komora: Dvořísko                             |
+----------------------------------------------------------+
| STATISTIC                                                |
+----------------------------------------------------------+
|  no record                                               |
+----------------------------------------------------------+
+----------------------------------------------------------+
| QUEUE Queue{0x1924a90}                          not used |
+----------------------------------------------------------+
+----------------------------------------------------------+
| QUEUE Queue{0x1924b70}                          not used |
+----------------------------------------------------------+
+----------------------------------------------------------+
| QUEUE Queue{0x1924d80}                          not used |
+----------------------------------------------------------+
+----------------------------------------------------------+
| QUEUE Queue{0x1924e60}                          not used |
+----------------------------------------------------------+
+----------------------------------------------------------+
| HISTOGRAM Most: Loučná                                 |
+----------------------------------------------------------+
| STATISTIC                                                |
+----------------------------------------------------------+
|  no record                                               |
+----------------------------------------------------------+
+----------------------------------------------------------+
| QUEUE Queue{0x1925000}                          not used |
+----------------------------------------------------------+
+----------------------------------------------------------+
| QUEUE Queue{0x19250e0}                          not used |
+----------------------------------------------------------+
+----------------------------------------------------------+
| QUEUE Queue{0x19252f0}                          not used |
+----------------------------------------------------------+
+----------------------------------------------------------+
| QUEUE Queue{0x19253d0}                          not used |
+----------------------------------------------------------+
+----------------------------------------------------------+
| HISTOGRAM Tunel: Vraclav                                 |
+----------------------------------------------------------+
| STATISTIC                                                |
+----------------------------------------------------------+
|  no record                                               |
+----------------------------------------------------------+
+----------------------------------------------------------+
| QUEUE Queue{0x1925570}                          not used |
+----------------------------------------------------------+
+----------------------------------------------------------+
| QUEUE Queue{0x1925650}                          not used |
+----------------------------------------------------------+
+----------------------------------------------------------+
| QUEUE Queue{0x1925860}                          not used |
+----------------------------------------------------------+
+----------------------------------------------------------+
| QUEUE Queue{0x1925940}                          not used |
+----------------------------------------------------------+
+----------------------------------------------------------+
| HISTOGRAM Komora: Turov                                  |
+----------------------------------------------------------+
| STATISTIC                                                |
+----------------------------------------------------------+
|  no record                                               |
+----------------------------------------------------------+
+----------------------------------------------------------+
| QUEUE Queue{0x1925ad0}                          not used |
+----------------------------------------------------------+
+----------------------------------------------------------+
| QUEUE Queue{0x1925bb0}                          not used |
+----------------------------------------------------------+
+----------------------------------------------------------+
| QUEUE Queue{0x1925dc0}                          not used |
+----------------------------------------------------------+
+----------------------------------------------------------+
| QUEUE Queue{0x1925ea0}                          not used |
+----------------------------------------------------------+
+----------------------------------------------------------+
| HISTOGRAM Komora: ČernáZaBory                          |
+----------------------------------------------------------+
| STATISTIC                                                |
+----------------------------------------------------------+
|  no record                                               |
+----------------------------------------------------------+
+----------------------------------------------------------+
| QUEUE Queue{0x1926030}                          not used |
+----------------------------------------------------------+
+----------------------------------------------------------+
| QUEUE Queue{0x1926110}                          not used |
+----------------------------------------------------------+
+----------------------------------------------------------+
| QUEUE Queue{0x1926320}                          not used |
+----------------------------------------------------------+
+----------------------------------------------------------+
| QUEUE Queue{0x1926400}                          not used |
+----------------------------------------------------------+
+----------------------------------------------------------+
| QUEUE Queue{0x191c460}                          not used |
+----------------------------------------------------------+
+----------------------------------------------------------+
| QUEUE Queue{0x191c540}                          not used |
+----------------------------------------------------------+
+----------------------------------------------------------+
| QUEUE Queue{0x191c650}                          not used |
+----------------------------------------------------------+
+----------------------------------------------------------+
| QUEUE Queue{0x191c730}                          not used |
+----------------------------------------------------------+
