+----------------------------------------------------------+
| HISTOGRAM Komora: Tvrdonice                              |
+----------------------------------------------------------+
| STATISTIC                                                |
+----------------------------------------------------------+
|  no record                                               |
+----------------------------------------------------------+
+----------------------------------------------------------+
| QUEUE Queue{0x5c7dbd0}                          not used |
+----------------------------------------------------------+
+----------------------------------------------------------+
| QUEUE Queue{0x5c7dce0}                          not used |
+----------------------------------------------------------+
+----------------------------------------------------------+
| QUEUE Queue{0x5c7e260}                          not used |
+----------------------------------------------------------+
+----------------------------------------------------------+
| QUEUE Queue{0x5c7e370}                          not used |
+----------------------------------------------------------+
+----------------------------------------------------------+
| QUEUE Queue{0x5c7e6c0}                          not used |
+----------------------------------------------------------+
+----------------------------------------------------------+
| QUEUE Queue{0x5c7e7d0}                          not used |
+----------------------------------------------------------+
+----------------------------------------------------------+
| QUEUE Queue{0x5c7eb30}                          not used |
+----------------------------------------------------------+
+----------------------------------------------------------+
| QUEUE Queue{0x5c7ec40}                          not used |
+----------------------------------------------------------+
+----------------------------------------------------------+
| HISTOGRAM Komora: Hodonín                               |
+----------------------------------------------------------+
| STATISTIC                                                |
+----------------------------------------------------------+
|  no record                                               |
+----------------------------------------------------------+
+----------------------------------------------------------+
| QUEUE Queue{0x5c7efc0}                          not used |
+----------------------------------------------------------+
+----------------------------------------------------------+
| QUEUE Queue{0x5c7f0d0}                          not used |
+----------------------------------------------------------+
+----------------------------------------------------------+
| QUEUE Queue{0x5c7f670}                          not used |
+----------------------------------------------------------+
+----------------------------------------------------------+
| QUEUE Queue{0x5c7f780}                          not used |
+----------------------------------------------------------+
+----------------------------------------------------------+
| HISTOGRAM Komora: Rohatec                                |
+----------------------------------------------------------+
| STATISTIC                                                |
+----------------------------------------------------------+
|  no record                                               |
+----------------------------------------------------------+
+----------------------------------------------------------+
| QUEUE Queue{0x5c7fb00}                          not used |
+----------------------------------------------------------+
+----------------------------------------------------------+
| QUEUE Queue{0x5c7fc10}                          not used |
+----------------------------------------------------------+
+----------------------------------------------------------+
| QUEUE Queue{0x5c80130}                          not used |
+----------------------------------------------------------+
+----------------------------------------------------------+
| QUEUE Queue{0x5c80240}                          not used |
+----------------------------------------------------------+
+----------------------------------------------------------+
| QUEUE Queue{0x5c80540}                          not used |
+----------------------------------------------------------+
+----------------------------------------------------------+
| QUEUE Queue{0x5c80650}                          not used |
+----------------------------------------------------------+
+----------------------------------------------------------+
| QUEUE Queue{0x5c80a10}                          not used |
+----------------------------------------------------------+
+----------------------------------------------------------+
| QUEUE Queue{0x5c80b20}                          not used |
+----------------------------------------------------------+
+----------------------------------------------------------+
| QUEUE Queue{0x5c80e20}                          not used |
+----------------------------------------------------------+
+----------------------------------------------------------+
| QUEUE Queue{0x5c80f30}                          not used |
+----------------------------------------------------------+
+----------------------------------------------------------+
| QUEUE Queue{0x5c81230}                          not used |
+----------------------------------------------------------+
+----------------------------------------------------------+
| QUEUE Queue{0x5c81340}                          not used |
+----------------------------------------------------------+
+----------------------------------------------------------+
| QUEUE Queue{0x5c81640}                          not used |
+----------------------------------------------------------+
+----------------------------------------------------------+
| QUEUE Queue{0x5c81750}                          not used |
+----------------------------------------------------------+
+----------------------------------------------------------+
| QUEUE Queue{0x5c81a50}                          not used |
+----------------------------------------------------------+
+----------------------------------------------------------+
| QUEUE Queue{0x5c81b60}                          not used |
+----------------------------------------------------------+
+----------------------------------------------------------+
| QUEUE Queue{0x5c81e60}                          not used |
+----------------------------------------------------------+
+----------------------------------------------------------+
| QUEUE Queue{0x5c81f70}                          not used |
+----------------------------------------------------------+
+----------------------------------------------------------+
| HISTOGRAM Komora: Uh.Hradiště                          |
+----------------------------------------------------------+
| STATISTIC                                                |
+----------------------------------------------------------+
|  no record                                               |
+----------------------------------------------------------+
+----------------------------------------------------------+
| QUEUE Queue{0x5c82360}                          not used |
+----------------------------------------------------------+
+----------------------------------------------------------+
| QUEUE Queue{0x5c82470}                          not used |
+----------------------------------------------------------+
+----------------------------------------------------------+
| QUEUE Queue{0x5c829a0}                          not used |
+----------------------------------------------------------+
+----------------------------------------------------------+
| QUEUE Queue{0x5c82ab0}                          not used |
+----------------------------------------------------------+
+----------------------------------------------------------+
| QUEUE Queue{0x5c82ef0}                          not used |
+----------------------------------------------------------+
+----------------------------------------------------------+
| QUEUE Queue{0x5c83000}                          not used |
+----------------------------------------------------------+
+----------------------------------------------------------+
| QUEUE Queue{0x5c83300}                          not used |
+----------------------------------------------------------+
+----------------------------------------------------------+
| QUEUE Queue{0x5c83410}                          not used |
+----------------------------------------------------------+
+----------------------------------------------------------+
| QUEUE Queue{0x5c83710}                          not used |
+----------------------------------------------------------+
+----------------------------------------------------------+
| QUEUE Queue{0x5c83820}                          not used |
+----------------------------------------------------------+
+----------------------------------------------------------+
| HISTOGRAM Komora: Bělov                                 |
+----------------------------------------------------------+
| STATISTIC                                                |
+----------------------------------------------------------+
|  no record                                               |
+----------------------------------------------------------+
+----------------------------------------------------------+
| QUEUE Queue{0x5c83ba0}                          not used |
+----------------------------------------------------------+
+----------------------------------------------------------+
| QUEUE Queue{0x5c83cb0}                          not used |
+----------------------------------------------------------+
+----------------------------------------------------------+
| QUEUE Queue{0x5c841d0}                          not used |
+----------------------------------------------------------+
+----------------------------------------------------------+
| QUEUE Queue{0x5c842e0}                          not used |
+----------------------------------------------------------+
+----------------------------------------------------------+
| QUEUE Queue{0x5c845e0}                          not used |
+----------------------------------------------------------+
+----------------------------------------------------------+
| QUEUE Queue{0x5c846f0}                          not used |
+----------------------------------------------------------+
+----------------------------------------------------------+
| HISTOGRAM Komora: Kroměříž                           |
+----------------------------------------------------------+
| STATISTIC                                                |
+----------------------------------------------------------+
|  no record                                               |
+----------------------------------------------------------+
+----------------------------------------------------------+
| QUEUE Queue{0x5c84a70}                          not used |
+----------------------------------------------------------+
+----------------------------------------------------------+
| QUEUE Queue{0x5c84b80}                          not used |
+----------------------------------------------------------+
+----------------------------------------------------------+
| QUEUE Queue{0x5c850b0}                          not used |
+----------------------------------------------------------+
+----------------------------------------------------------+
| QUEUE Queue{0x5c851c0}                          not used |
+----------------------------------------------------------+
+----------------------------------------------------------+
| QUEUE Queue{0x5c854c0}                          not used |
+----------------------------------------------------------+
+----------------------------------------------------------+
| QUEUE Queue{0x5c855d0}                          not used |
+----------------------------------------------------------+
+----------------------------------------------------------+
| QUEUE Queue{0x5c858d0}                          not used |
+----------------------------------------------------------+
+----------------------------------------------------------+
| QUEUE Queue{0x5c859e0}                          not used |
+----------------------------------------------------------+
+----------------------------------------------------------+
| QUEUE Queue{0x5c85ce0}                          not used |
+----------------------------------------------------------+
+----------------------------------------------------------+
| QUEUE Queue{0x5c85df0}                          not used |
+----------------------------------------------------------+
+----------------------------------------------------------+
| HISTOGRAM Komora: Zařičí                              |
+----------------------------------------------------------+
| STATISTIC                                                |
+----------------------------------------------------------+
|  no record                                               |
+----------------------------------------------------------+
+----------------------------------------------------------+
| QUEUE Queue{0x5c86170}                          not used |
+----------------------------------------------------------+
+----------------------------------------------------------+
| QUEUE Queue{0x5c86280}                          not used |
+----------------------------------------------------------+
+----------------------------------------------------------+
| QUEUE Queue{0x5c867b0}                          not used |
+----------------------------------------------------------+
+----------------------------------------------------------+
| QUEUE Queue{0x5c868c0}                          not used |
+----------------------------------------------------------+
+----------------------------------------------------------+
| QUEUE Queue{0x5c86bc0}                          not used |
+----------------------------------------------------------+
+----------------------------------------------------------+
| QUEUE Queue{0x5c86cd0}                          not used |
+----------------------------------------------------------+
+----------------------------------------------------------+
| QUEUE Queue{0x5c86fd0}                          not used |
+----------------------------------------------------------+
+----------------------------------------------------------+
| QUEUE Queue{0x5c870e0}                          not used |
+----------------------------------------------------------+
+----------------------------------------------------------+
| HISTOGRAM Komora: Rokytnice                              |
+----------------------------------------------------------+
| STATISTIC                                                |
+----------------------------------------------------------+
|  no record                                               |
+----------------------------------------------------------+
+----------------------------------------------------------+
| QUEUE Queue{0x5c87460}                          not used |
+----------------------------------------------------------+
+----------------------------------------------------------+
| QUEUE Queue{0x5c87570}                          not used |
+----------------------------------------------------------+
+----------------------------------------------------------+
| QUEUE Queue{0x5c87ce0}                          not used |
+----------------------------------------------------------+
+----------------------------------------------------------+
| QUEUE Queue{0x5c87df0}                          not used |
+----------------------------------------------------------+
+----------------------------------------------------------+
| QUEUE Queue{0x5c880f0}                          not used |
+----------------------------------------------------------+
+----------------------------------------------------------+
| QUEUE Queue{0x5c88200}                          not used |
+----------------------------------------------------------+
+----------------------------------------------------------+
| QUEUE Queue{0x5c88500}                          not used |
+----------------------------------------------------------+
+----------------------------------------------------------+
| QUEUE Queue{0x5c88610}                          not used |
+----------------------------------------------------------+
+----------------------------------------------------------+
| QUEUE Queue{0x5c88910}                          not used |
+----------------------------------------------------------+
+----------------------------------------------------------+
| QUEUE Queue{0x5c88a20}                          not used |
+----------------------------------------------------------+
+----------------------------------------------------------+
| QUEUE Queue{0x5c88d20}                          not used |
+----------------------------------------------------------+
+----------------------------------------------------------+
| QUEUE Queue{0x5c88e30}                          not used |
+----------------------------------------------------------+
+----------------------------------------------------------+
| HISTOGRAM Komora: Lipník                                |
+----------------------------------------------------------+
| STATISTIC                                                |
+----------------------------------------------------------+
|  no record                                               |
+----------------------------------------------------------+
+----------------------------------------------------------+
| QUEUE Queue{0x5c891b0}                          not used |
+----------------------------------------------------------+
+----------------------------------------------------------+
| QUEUE Queue{0x5c892c0}                          not used |
+----------------------------------------------------------+
+----------------------------------------------------------+
| QUEUE Queue{0x5c897e0}                          not used |
+----------------------------------------------------------+
+----------------------------------------------------------+
| QUEUE Queue{0x5c898f0}                          not used |
+----------------------------------------------------------+
+----------------------------------------------------------+
| QUEUE Queue{0x5c89bf0}                          not used |
+----------------------------------------------------------+
+----------------------------------------------------------+
| QUEUE Queue{0x5c89d00}                          not used |
+----------------------------------------------------------+
+----------------------------------------------------------+
| QUEUE Queue{0x5c8a000}                          not used |
+----------------------------------------------------------+
+----------------------------------------------------------+
| QUEUE Queue{0x5c8a110}                          not used |
+----------------------------------------------------------+
+----------------------------------------------------------+
| QUEUE Queue{0x5c8a410}                          not used |
+----------------------------------------------------------+
+----------------------------------------------------------+
| QUEUE Queue{0x5c8a520}                          not used |
+----------------------------------------------------------+
+----------------------------------------------------------+
| HISTOGRAM Komora: Černotín                             |
+----------------------------------------------------------+
| STATISTIC                                                |
+----------------------------------------------------------+
|  no record                                               |
+----------------------------------------------------------+
+----------------------------------------------------------+
| QUEUE Queue{0x5c8a8a0}                          not used |
+----------------------------------------------------------+
+----------------------------------------------------------+
| QUEUE Queue{0x5c8a9b0}                          not used |
+----------------------------------------------------------+
+----------------------------------------------------------+
| QUEUE Queue{0x5c8aee0}                          not used |
+----------------------------------------------------------+
+----------------------------------------------------------+
| QUEUE Queue{0x5c8aff0}                          not used |
+----------------------------------------------------------+
+----------------------------------------------------------+
| QUEUE Queue{0x5c8b2f0}                          not used |
+----------------------------------------------------------+
+----------------------------------------------------------+
| QUEUE Queue{0x5c8b400}                          not used |
+----------------------------------------------------------+
+----------------------------------------------------------+
| QUEUE Queue{0x5c8b700}                          not used |
+----------------------------------------------------------+
+----------------------------------------------------------+
| QUEUE Queue{0x5c8b810}                          not used |
+----------------------------------------------------------+
+----------------------------------------------------------+
| HISTOGRAM Komora: Poruba                                 |
+----------------------------------------------------------+
| STATISTIC                                                |
+----------------------------------------------------------+
|  no record                                               |
+----------------------------------------------------------+
+----------------------------------------------------------+
| QUEUE Queue{0x5c8bb90}                          not used |
+----------------------------------------------------------+
+----------------------------------------------------------+
| QUEUE Queue{0x5c8bca0}                          not used |
+----------------------------------------------------------+
+----------------------------------------------------------+
| QUEUE Queue{0x5c8c1c0}                          not used |
+----------------------------------------------------------+
+----------------------------------------------------------+
| QUEUE Queue{0x5c8c2d0}                          not used |
+----------------------------------------------------------+
+----------------------------------------------------------+
| HISTOGRAM Komora: Kunín                                 |
+----------------------------------------------------------+
| STATISTIC                                                |
+----------------------------------------------------------+
|  no record                                               |
+----------------------------------------------------------+
+----------------------------------------------------------+
| QUEUE Queue{0x5c8c650}                          not used |
+----------------------------------------------------------+
+----------------------------------------------------------+
| QUEUE Queue{0x5c8c760}                          not used |
+----------------------------------------------------------+
+----------------------------------------------------------+
| QUEUE Queue{0x5c8cc80}                          not used |
+----------------------------------------------------------+
+----------------------------------------------------------+
| QUEUE Queue{0x5c8cd90}                          not used |
+----------------------------------------------------------+
+----------------------------------------------------------+
| HISTOGRAM Most: Bartošovice                             |
+----------------------------------------------------------+
| STATISTIC                                                |
+----------------------------------------------------------+
|  no record                                               |
+----------------------------------------------------------+
+----------------------------------------------------------+
| QUEUE Queue{0x5c8d110}                          not used |
+----------------------------------------------------------+
+----------------------------------------------------------+
| QUEUE Queue{0x5c8d220}                          not used |
+----------------------------------------------------------+
+----------------------------------------------------------+
| QUEUE Queue{0x5c8d750}                          not used |
+----------------------------------------------------------+
+----------------------------------------------------------+
| QUEUE Queue{0x5c8d860}                          not used |
+----------------------------------------------------------+
+----------------------------------------------------------+
| QUEUE Queue{0x5c8db60}                          not used |
+----------------------------------------------------------+
+----------------------------------------------------------+
| QUEUE Queue{0x5c8dc70}                          not used |
+----------------------------------------------------------+
+----------------------------------------------------------+
| QUEUE Queue{0x5c8df70}                          not used |
+----------------------------------------------------------+
+----------------------------------------------------------+
| QUEUE Queue{0x5c8e080}                          not used |
+----------------------------------------------------------+
+----------------------------------------------------------+
| HISTOGRAM Komora: Petřvald                              |
+----------------------------------------------------------+
| STATISTIC                                                |
+----------------------------------------------------------+
|  no record                                               |
+----------------------------------------------------------+
+----------------------------------------------------------+
| QUEUE Queue{0x5c8e400}                          not used |
+----------------------------------------------------------+
+----------------------------------------------------------+
| QUEUE Queue{0x5c8e510}                          not used |
+----------------------------------------------------------+
+----------------------------------------------------------+
| QUEUE Queue{0x5c8ea40}                          not used |
+----------------------------------------------------------+
+----------------------------------------------------------+
| QUEUE Queue{0x5c8eb50}                          not used |
+----------------------------------------------------------+
+----------------------------------------------------------+
| HISTOGRAM Komora: Proskovice                             |
+----------------------------------------------------------+
| STATISTIC                                                |
+----------------------------------------------------------+
|  no record                                               |
+----------------------------------------------------------+
+----------------------------------------------------------+
| QUEUE Queue{0x5c8eed0}                          not used |
+----------------------------------------------------------+
+----------------------------------------------------------+
| QUEUE Queue{0x5c8efe0}                          not used |
+----------------------------------------------------------+
+----------------------------------------------------------+
| QUEUE Queue{0x5c8f510}                          not used |
+----------------------------------------------------------+
+----------------------------------------------------------+
| QUEUE Queue{0x5c8f620}                          not used |
+----------------------------------------------------------+
+----------------------------------------------------------+
| HISTOGRAM Komora: Výškovice                            |
+----------------------------------------------------------+
| STATISTIC                                                |
+----------------------------------------------------------+
|  no record                                               |
+----------------------------------------------------------+
+----------------------------------------------------------+
| QUEUE Queue{0x5c8f9a0}                          not used |
+----------------------------------------------------------+
+----------------------------------------------------------+
| QUEUE Queue{0x5c8fab0}                          not used |
+----------------------------------------------------------+
+----------------------------------------------------------+
| QUEUE Queue{0x5c8ffe0}                          not used |
+----------------------------------------------------------+
+----------------------------------------------------------+
| QUEUE Queue{0x5c900f0}                          not used |
+----------------------------------------------------------+
+----------------------------------------------------------+
| QUEUE Queue{0x5c903f0}                          not used |
+----------------------------------------------------------+
+----------------------------------------------------------+
| QUEUE Queue{0x5c90500}                          not used |
+----------------------------------------------------------+
+----------------------------------------------------------+
| HISTOGRAM Komora: Svinov                                 |
+----------------------------------------------------------+
| STATISTIC                                                |
+----------------------------------------------------------+
|  no record                                               |
+----------------------------------------------------------+
+----------------------------------------------------------+
| QUEUE Queue{0x5c90880}                          not used |
+----------------------------------------------------------+
+----------------------------------------------------------+
| QUEUE Queue{0x5c90990}                          not used |
+----------------------------------------------------------+
+----------------------------------------------------------+
| QUEUE Queue{0x5c90eb0}                          not used |
+----------------------------------------------------------+
+----------------------------------------------------------+
| QUEUE Queue{0x5c90fc0}                          not used |
+----------------------------------------------------------+
+----------------------------------------------------------+
| QUEUE Queue{0x5c912c0}                          not used |
+----------------------------------------------------------+
+----------------------------------------------------------+
| QUEUE Queue{0x5c913d0}                          not used |
+----------------------------------------------------------+
+----------------------------------------------------------+
| QUEUE Queue{0x5c91b10}                          not used |
+----------------------------------------------------------+
+----------------------------------------------------------+
| QUEUE Queue{0x5c91c20}                          not used |
+----------------------------------------------------------+
+----------------------------------------------------------+
| HISTOGRAM Komora: Přívoz                               |
+----------------------------------------------------------+
| STATISTIC                                                |
+----------------------------------------------------------+
|  no record                                               |
+----------------------------------------------------------+
+----------------------------------------------------------+
| QUEUE Queue{0x5c91fa0}                          not used |
+----------------------------------------------------------+
+----------------------------------------------------------+
| QUEUE Queue{0x5c920b0}                          not used |
+----------------------------------------------------------+
+----------------------------------------------------------+
| QUEUE Queue{0x5c925d0}                          not used |
+----------------------------------------------------------+
+----------------------------------------------------------+
| QUEUE Queue{0x5c926e0}                          not used |
+----------------------------------------------------------+
+----------------------------------------------------------+
| QUEUE Queue{0x5c929e0}                          not used |
+----------------------------------------------------------+
+----------------------------------------------------------+
| QUEUE Queue{0x5c92af0}                          not used |
+----------------------------------------------------------+
+----------------------------------------------------------+
| QUEUE Queue{0x5c92df0}                          not used |
+----------------------------------------------------------+
+----------------------------------------------------------+
| QUEUE Queue{0x5c92f00}                          not used |
+----------------------------------------------------------+
+----------------------------------------------------------+
| QUEUE Queue{0x5c93200}                          not used |
+----------------------------------------------------------+
+----------------------------------------------------------+
| QUEUE Queue{0x5c93310}                          not used |
+----------------------------------------------------------+
+----------------------------------------------------------+
| QUEUE Queue{0x5c93610}                          not used |
+----------------------------------------------------------+
+----------------------------------------------------------+
| QUEUE Queue{0x5c93720}                          not used |
+----------------------------------------------------------+
+----------------------------------------------------------+
| HISTOGRAM Komora: Bohumín/Chałupki                     |
+----------------------------------------------------------+
| STATISTIC                                                |
+----------------------------------------------------------+
|  no record                                               |
+----------------------------------------------------------+
+----------------------------------------------------------+
| QUEUE Queue{0x5c93aa0}                          not used |
+----------------------------------------------------------+
+----------------------------------------------------------+
| QUEUE Queue{0x5c93bb0}                          not used |
+----------------------------------------------------------+
+----------------------------------------------------------+
| QUEUE Queue{0x5c940f0}                          not used |
+----------------------------------------------------------+
+----------------------------------------------------------+
| QUEUE Queue{0x5c94200}                          not used |
+----------------------------------------------------------+
+----------------------------------------------------------+
| QUEUE Queue{0x5c94500}                          not used |
+----------------------------------------------------------+
+----------------------------------------------------------+
| QUEUE Queue{0x5c94610}                          not used |
+----------------------------------------------------------+
+----------------------------------------------------------+
| QUEUE Queue{0x5c94910}                          not used |
+----------------------------------------------------------+
+----------------------------------------------------------+
| QUEUE Queue{0x5c94a20}                          not used |
+----------------------------------------------------------+
+----------------------------------------------------------+
| QUEUE Queue{0x5c94d20}                          not used |
+----------------------------------------------------------+
+----------------------------------------------------------+
| QUEUE Queue{0x5c94e30}                          not used |
+----------------------------------------------------------+
+----------------------------------------------------------+
| QUEUE Queue{0x5c95130}                          not used |
+----------------------------------------------------------+
+----------------------------------------------------------+
| QUEUE Queue{0x5c95240}                          not used |
+----------------------------------------------------------+
+----------------------------------------------------------+
| HISTOGRAM Komora: Střelice                              |
+----------------------------------------------------------+
| STATISTIC                                                |
+----------------------------------------------------------+
|  no record                                               |
+----------------------------------------------------------+
+----------------------------------------------------------+
| QUEUE Queue{0x5c955c0}                          not used |
+----------------------------------------------------------+
+----------------------------------------------------------+
| QUEUE Queue{0x5c956d0}                          not used |
+----------------------------------------------------------+
+----------------------------------------------------------+
| QUEUE Queue{0x5c95c00}                          not used |
+----------------------------------------------------------+
+----------------------------------------------------------+
| QUEUE Queue{0x5c95d10}                          not used |
+----------------------------------------------------------+
+----------------------------------------------------------+
| HISTOGRAM Komora: Králová                              |
+----------------------------------------------------------+
| STATISTIC                                                |
+----------------------------------------------------------+
|  no record                                               |
+----------------------------------------------------------+
+----------------------------------------------------------+
| QUEUE Queue{0x5c96090}                          not used |
+----------------------------------------------------------+
+----------------------------------------------------------+
| QUEUE Queue{0x5c961a0}                          not used |
+----------------------------------------------------------+
+----------------------------------------------------------+
| QUEUE Queue{0x5c966d0}                          not used |
+----------------------------------------------------------+
+----------------------------------------------------------+
| QUEUE Queue{0x5c967e0}                          not used |
+----------------------------------------------------------+
+----------------------------------------------------------+
| HISTOGRAM Most: Morava                                   |
+----------------------------------------------------------+
| STATISTIC                                                |
+----------------------------------------------------------+
|  no record                                               |
+----------------------------------------------------------+
+----------------------------------------------------------+
| QUEUE Queue{0x5c96b60}                          not used |
+----------------------------------------------------------+
+----------------------------------------------------------+
| QUEUE Queue{0x5c96c70}                          not used |
+----------------------------------------------------------+
+----------------------------------------------------------+
| QUEUE Queue{0x5c97190}                          not used |
+----------------------------------------------------------+
+----------------------------------------------------------+
| QUEUE Queue{0x5c972a0}                          not used |
+----------------------------------------------------------+
+----------------------------------------------------------+
| HISTOGRAM Komora: Zábřeh                               |
+----------------------------------------------------------+
| STATISTIC                                                |
+----------------------------------------------------------+
|  no record                                               |
+----------------------------------------------------------+
+----------------------------------------------------------+
| QUEUE Queue{0x5c97620}                          not used |
+----------------------------------------------------------+
+----------------------------------------------------------+
| QUEUE Queue{0x5c97730}                          not used |
+----------------------------------------------------------+
+----------------------------------------------------------+
| QUEUE Queue{0x5c97c50}                          not used |
+----------------------------------------------------------+
+----------------------------------------------------------+
| QUEUE Queue{0x5c97d60}                          not used |
+----------------------------------------------------------+
+----------------------------------------------------------+
| HISTOGRAM Tunel: Hejnice                                 |
+----------------------------------------------------------+
| STATISTIC                                                |
+----------------------------------------------------------+
|  no record                                               |
+----------------------------------------------------------+
+----------------------------------------------------------+
| QUEUE Queue{0x5c980e0}                          not used |
+----------------------------------------------------------+
+----------------------------------------------------------+
| QUEUE Queue{0x5c981f0}                          not used |
+----------------------------------------------------------+
+----------------------------------------------------------+
| QUEUE Queue{0x5c98710}                          not used |
+----------------------------------------------------------+
+----------------------------------------------------------+
| QUEUE Queue{0x5c98820}                          not used |
+----------------------------------------------------------+
+----------------------------------------------------------+
| HISTOGRAM Komora: Hněvkov                               |
+----------------------------------------------------------+
| STATISTIC                                                |
+----------------------------------------------------------+
|  no record                                               |
+----------------------------------------------------------+
+----------------------------------------------------------+
| QUEUE Queue{0x5c98ba0}                          not used |
+----------------------------------------------------------+
+----------------------------------------------------------+
| QUEUE Queue{0x5c98cb0}                          not used |
+----------------------------------------------------------+
+----------------------------------------------------------+
| QUEUE Queue{0x5c991d0}                          not used |
+----------------------------------------------------------+
+----------------------------------------------------------+
| QUEUE Queue{0x5c992e0}                          not used |
+----------------------------------------------------------+
+----------------------------------------------------------+
| QUEUE Queue{0x5c995e0}                          not used |
+----------------------------------------------------------+
+----------------------------------------------------------+
| QUEUE Queue{0x5c996f0}                          not used |
+----------------------------------------------------------+
+----------------------------------------------------------+
| HISTOGRAM Komora: Homole                                 |
+----------------------------------------------------------+
| STATISTIC                                                |
+----------------------------------------------------------+
|  no record                                               |
+----------------------------------------------------------+
+----------------------------------------------------------+
| QUEUE Queue{0x5c99a70}                          not used |
+----------------------------------------------------------+
+----------------------------------------------------------+
| QUEUE Queue{0x5c99b80}                          not used |
+----------------------------------------------------------+
+----------------------------------------------------------+
| QUEUE Queue{0x5c9a0a0}                          not used |
+----------------------------------------------------------+
+----------------------------------------------------------+
| QUEUE Queue{0x5c9a1b0}                          not used |
+----------------------------------------------------------+
+----------------------------------------------------------+
| QUEUE Queue{0x5c9a4b0}                          not used |
+----------------------------------------------------------+
+----------------------------------------------------------+
| QUEUE Queue{0x5c9a5c0}                          not used |
+----------------------------------------------------------+
+----------------------------------------------------------+
| QUEUE Queue{0x5c9a8c0}                          not used |
+----------------------------------------------------------+
+----------------------------------------------------------+
| QUEUE Queue{0x5c9a9d0}                          not used |
+----------------------------------------------------------+
+----------------------------------------------------------+
| QUEUE Queue{0x5c9acd0}                          not used |
+----------------------------------------------------------+
+----------------------------------------------------------+
| QUEUE Queue{0x5c9ade0}                          not used |
+----------------------------------------------------------+
+----------------------------------------------------------+
| QUEUE Queue{0x5c9b0e0}                          not used |
+----------------------------------------------------------+
+----------------------------------------------------------+
| QUEUE Queue{0x5c9b1f0}                          not used |
+----------------------------------------------------------+
+----------------------------------------------------------+
| QUEUE Queue{0x5c9b4f0}                          not used |
+----------------------------------------------------------+
+----------------------------------------------------------+
| QUEUE Queue{0x5c9b600}                          not used |
+----------------------------------------------------------+
+----------------------------------------------------------+
| HISTOGRAM Komora: Tatenice                               |
+----------------------------------------------------------+
| STATISTIC                                                |
+----------------------------------------------------------+
|  no record                                               |
+----------------------------------------------------------+
+----------------------------------------------------------+
| QUEUE Queue{0x5c9b980}                          not used |
+----------------------------------------------------------+
+----------------------------------------------------------+
| QUEUE Queue{0x5c9ba90}                          not used |
+----------------------------------------------------------+
+----------------------------------------------------------+
| QUEUE Queue{0x5c9bfb0}                          not used |
+----------------------------------------------------------+
+----------------------------------------------------------+
| QUEUE Queue{0x5c9c0c0}                          not used |
+----------------------------------------------------------+
+----------------------------------------------------------+
| QUEUE Queue{0x5c9c3c0}                          not used |
+----------------------------------------------------------+
+----------------------------------------------------------+
| QUEUE Queue{0x5c9c4d0}                          not used |
+----------------------------------------------------------+
+----------------------------------------------------------+
| QUEUE Queue{0x5c9c7d0}                          not used |
+----------------------------------------------------------+
+----------------------------------------------------------+
| QUEUE Queue{0x5c9c8e0}                          not used |
+----------------------------------------------------------+
+----------------------------------------------------------+
| HISTOGRAM Tunel: Vrcholový                              |
+----------------------------------------------------------+
| STATISTIC                                                |
+----------------------------------------------------------+
|  no record                                               |
+----------------------------------------------------------+
+----------------------------------------------------------+
| QUEUE Queue{0x5c9cc60}                          not used |
+----------------------------------------------------------+
+----------------------------------------------------------+
| QUEUE Queue{0x5c9cd70}                          not used |
+----------------------------------------------------------+
+----------------------------------------------------------+
| QUEUE Queue{0x5c9d2a0}                          not used |
+----------------------------------------------------------+
+----------------------------------------------------------+
| QUEUE Queue{0x5c9d3b0}                          not used |
+----------------------------------------------------------+
+----------------------------------------------------------+
| HISTOGRAM Most: Ústí                                   |
+----------------------------------------------------------+
| STATISTIC                                                |
+----------------------------------------------------------+
|  no record                                               |
+----------------------------------------------------------+
+----------------------------------------------------------+
| QUEUE Queue{0x5c9d730}                          not used |
+----------------------------------------------------------+
+----------------------------------------------------------+
| QUEUE Queue{0x5c9d840}                          not used |
+----------------------------------------------------------+
+----------------------------------------------------------+
| QUEUE Queue{0x5c9dd60}                          not used |
+----------------------------------------------------------+
+----------------------------------------------------------+
| QUEUE Queue{0x5c9de70}                          not used |
+----------------------------------------------------------+
+----------------------------------------------------------+
| HISTOGRAM Komora: Kerhartice                             |
+----------------------------------------------------------+
| STATISTIC                                                |
+----------------------------------------------------------+
|  no record                                               |
+----------------------------------------------------------+
+----------------------------------------------------------+
| QUEUE Queue{0x5c9e1f0}                          not used |
+----------------------------------------------------------+
+----------------------------------------------------------+
| QUEUE Queue{0x5c9e300}                          not used |
+----------------------------------------------------------+
+----------------------------------------------------------+
| QUEUE Queue{0x5c9e830}                          not used |
+----------------------------------------------------------+
+----------------------------------------------------------+
| QUEUE Queue{0x5c9e940}                          not used |
+----------------------------------------------------------+
+----------------------------------------------------------+
| QUEUE Queue{0x5c9ec40}                          not used |
+----------------------------------------------------------+
+----------------------------------------------------------+
| QUEUE Queue{0x5c9ed50}                          not used |
+----------------------------------------------------------+
+----------------------------------------------------------+
| QUEUE Queue{0x5c9f050}                          not used |
+----------------------------------------------------------+
+----------------------------------------------------------+
| QUEUE Queue{0x5c9f160}                          not used |
+----------------------------------------------------------+
+----------------------------------------------------------+
| HISTOGRAM Tunel: Roveň                                  |
+----------------------------------------------------------+
| STATISTIC                                                |
+----------------------------------------------------------+
|  no record                                               |
+----------------------------------------------------------+
+----------------------------------------------------------+
| QUEUE Queue{0x5c9f4e0}                          not used |
+----------------------------------------------------------+
+----------------------------------------------------------+
| QUEUE Queue{0x5c9f5f0}                          not used |
+----------------------------------------------------------+
+----------------------------------------------------------+
| HISTOGRAM Most: Roveň                                   |
+----------------------------------------------------------+
| STATISTIC                                                |
+----------------------------------------------------------+
|  no record                                               |
+----------------------------------------------------------+
+----------------------------------------------------------+
| QUEUE Queue{0x5c9fb90}                          not used |
+----------------------------------------------------------+
+----------------------------------------------------------+
| QUEUE Queue{0x5c9fca0}                          not used |
+----------------------------------------------------------+
+----------------------------------------------------------+
| QUEUE Queue{0x5ca01c0}                          not used |
+----------------------------------------------------------+
+----------------------------------------------------------+
| QUEUE Queue{0x5ca02d0}                          not used |
+----------------------------------------------------------+
+----------------------------------------------------------+
| HISTOGRAM Komora: Brandýs                               |
+----------------------------------------------------------+
| STATISTIC                                                |
+----------------------------------------------------------+
|  no record                                               |
+----------------------------------------------------------+
+----------------------------------------------------------+
| QUEUE Queue{0x5ca0650}                          not used |
+----------------------------------------------------------+
+----------------------------------------------------------+
| QUEUE Queue{0x5ca0760}                          not used |
+----------------------------------------------------------+
+----------------------------------------------------------+
| QUEUE Queue{0x5ca0c80}                          not used |
+----------------------------------------------------------+
+----------------------------------------------------------+
| QUEUE Queue{0x5ca0d90}                          not used |
+----------------------------------------------------------+
+----------------------------------------------------------+
| HISTOGRAM Tunel: Choceň                                 |
+----------------------------------------------------------+
| STATISTIC                                                |
+----------------------------------------------------------+
|  no record                                               |
+----------------------------------------------------------+
+----------------------------------------------------------+
| QUEUE Queue{0x5ca1110}                          not used |
+----------------------------------------------------------+
+----------------------------------------------------------+
| QUEUE Queue{0x5ca1220}                          not used |
+----------------------------------------------------------+
+----------------------------------------------------------+
| QUEUE Queue{0x5ca1740}                          not used |
+----------------------------------------------------------+
+----------------------------------------------------------+
| QUEUE Queue{0x5ca1850}                          not used |
+----------------------------------------------------------+
+----------------------------------------------------------+
| QUEUE Queue{0x5ca1b50}                          not used |
+----------------------------------------------------------+
+----------------------------------------------------------+
| QUEUE Queue{0x5ca1c60}                          not used |
+----------------------------------------------------------+
+----------------------------------------------------------+
| QUEUE Queue{0x5ca1f60}                          not used |
+----------------------------------------------------------+
+----------------------------------------------------------+
| QUEUE Queue{0x5ca2070}                          not used |
+----------------------------------------------------------+
+----------------------------------------------------------+
| HISTOGRAM Komora: Dvořísko                             |
+----------------------------------------------------------+
| STATISTIC                                                |
+----------------------------------------------------------+
|  no record                                               |
+----------------------------------------------------------+
+----------------------------------------------------------+
| QUEUE Queue{0x5ca23f0}                          not used |
+----------------------------------------------------------+
+----------------------------------------------------------+
| QUEUE Queue{0x5ca2500}                          not used |
+----------------------------------------------------------+
+----------------------------------------------------------+
| QUEUE Queue{0x5ca2a30}                          not used |
+----------------------------------------------------------+
+----------------------------------------------------------+
| QUEUE Queue{0x5ca2b40}                          not used |
+----------------------------------------------------------+
+----------------------------------------------------------+
| HISTOGRAM Most: Loučná                                 |
+----------------------------------------------------------+
| STATISTIC                                                |
+----------------------------------------------------------+
|  no record                                               |
+----------------------------------------------------------+
+----------------------------------------------------------+
| QUEUE Queue{0x5ca2ec0}                          not used |
+----------------------------------------------------------+
+----------------------------------------------------------+
| QUEUE Queue{0x5ca2fd0}                          not used |
+----------------------------------------------------------+
+----------------------------------------------------------+
| QUEUE Queue{0x5ca34f0}                          not used |
+----------------------------------------------------------+
+----------------------------------------------------------+
| QUEUE Queue{0x5ca3600}                          not used |
+----------------------------------------------------------+
+----------------------------------------------------------+
| HISTOGRAM Tunel: Vraclav                                 |
+----------------------------------------------------------+
| STATISTIC                                                |
+----------------------------------------------------------+
|  no record                                               |
+----------------------------------------------------------+
+----------------------------------------------------------+
| QUEUE Queue{0x5ca3980}                          not used |
+----------------------------------------------------------+
+----------------------------------------------------------+
| QUEUE Queue{0x5ca3a90}                          not used |
+----------------------------------------------------------+
+----------------------------------------------------------+
| QUEUE Queue{0x5ca3fb0}                          not used |
+----------------------------------------------------------+
+----------------------------------------------------------+
| QUEUE Queue{0x5ca40c0}                          not used |
+----------------------------------------------------------+
+----------------------------------------------------------+
| HISTOGRAM Komora: Turov                                  |
+----------------------------------------------------------+
| STATISTIC                                                |
+----------------------------------------------------------+
|  no record                                               |
+----------------------------------------------------------+
+----------------------------------------------------------+
| QUEUE Queue{0x5ca4440}                          not used |
+----------------------------------------------------------+
+----------------------------------------------------------+
| QUEUE Queue{0x5ca4550}                          not used |
+----------------------------------------------------------+
+----------------------------------------------------------+
| QUEUE Queue{0x5ca4a70}                          not used |
+----------------------------------------------------------+
+----------------------------------------------------------+
| QUEUE Queue{0x5ca4b80}                          not used |
+----------------------------------------------------------+
+----------------------------------------------------------+
| HISTOGRAM Komora: ČernáZaBory                          |
+----------------------------------------------------------+
| STATISTIC                                                |
+----------------------------------------------------------+
|  no record                                               |
+----------------------------------------------------------+
+----------------------------------------------------------+
| QUEUE Queue{0x5ca4f00}                          not used |
+----------------------------------------------------------+
+----------------------------------------------------------+
| QUEUE Queue{0x5ca5010}                          not used |
+----------------------------------------------------------+
+----------------------------------------------------------+
| QUEUE Queue{0x5ca5540}                          not used |
+----------------------------------------------------------+
+----------------------------------------------------------+
| QUEUE Queue{0x5ca5650}                          not used |
+----------------------------------------------------------+
+----------------------------------------------------------+
| QUEUE Queue{0x5ca6190}                          not used |
+----------------------------------------------------------+
+----------------------------------------------------------+
| QUEUE Queue{0x5ca62a0}                          not used |
+----------------------------------------------------------+
+----------------------------------------------------------+
| QUEUE Queue{0x5ca65a0}                          not used |
+----------------------------------------------------------+
+----------------------------------------------------------+
| QUEUE Queue{0x5ca66b0}                          not used |
+----------------------------------------------------------+
